<?xml version="1.0" encoding="UTF-8"?>
<robot generator="Robot 5.0.1 (Python 3.12.0 on win32)" generated="20250106 09:57:23.038" rpa="false" schemaversion="3">
<suite id="s1" name="DemoQATesting" source="c:\Selenium_Learn\RobotPractice\Demotest\DemoQATesting.robot">
<test id="s1-t1" name="Testing_Text_Box" line="24">
<kw name="Run Keywords" library="BuiltIn" type="SETUP">
<arg>Set Selenium Implicit Wait</arg>
<arg>10</arg>
<arg>AND</arg>
<arg>Check And Open Browser</arg>
<doc>Executes all the given keywords in a sequence.</doc>
<kw name="Set Selenium Implicit Wait" library="SeleniumLibrary">
<arg>10</arg>
<doc>Sets the implicit wait value used by Selenium.</doc>
<status status="PASS" starttime="20250106 09:57:24.922" endtime="20250106 09:57:24.923"/>
</kw>
<kw name="Check And Open Browser" library="corekeyword">
<kw name="Run Keyword And Ignore Error" library="BuiltIn">
<var>${result}</var>
<arg>Get Window Handles</arg>
<doc>Runs the given keyword with the given arguments and ignores possible error.</doc>
<kw name="Get Window Handles" library="SeleniumLibrary">
<doc>Returns all child window handles of the selected browser as a list.</doc>
<msg timestamp="20250106 09:57:24.924" level="INFO">Cannot capture screenshot because no browser is open.</msg>
<msg timestamp="20250106 09:57:24.928" level="FAIL">No browser is open.</msg>
<status status="FAIL" starttime="20250106 09:57:24.923" endtime="20250106 09:57:24.949"/>
</kw>
<msg timestamp="20250106 09:57:24.949" level="INFO">${result} = ('FAIL', 'No browser is open.')</msg>
<status status="PASS" starttime="20250106 09:57:24.923" endtime="20250106 09:57:24.949"/>
</kw>
<kw name="Set Variable If" library="BuiltIn">
<var>${windows}</var>
<arg>'${result[0]}' == 'PASS'</arg>
<arg>${result[1]}</arg>
<arg>[]</arg>
<doc>Sets variable based on the given condition.</doc>
<msg timestamp="20250106 09:57:24.950" level="INFO">${windows} = []</msg>
<status status="PASS" starttime="20250106 09:57:24.949" endtime="20250106 09:57:24.951"/>
</kw>
<kw name="Run Keyword If" library="BuiltIn">
<arg>${windows} == []</arg>
<arg>Open_Browser_App_And_Choose_Element</arg>
<arg>1</arg>
<doc>Runs the given keyword with the given arguments, if ``condition`` is true.</doc>
<kw name="Open_Browser_App_And_Choose_Element" library="corekeyword">
<arg>1</arg>
<kw name="Run Keyword" library="BuiltIn">
<var>${header_item}</var>
<arg>Get_Value_Index_List</arg>
<arg>${options_header}</arg>
<arg>header_list</arg>
<doc>Executes the given keyword with the given arguments.</doc>
<kw name="Get_Value_Index_List" library="utils">
<arg>${options_header}</arg>
<arg>header_list</arg>
<kw name="Evaluate" library="BuiltIn">
<var>${index}</var>
<arg>${Number_input} - 1</arg>
<doc>Evaluates the given expression in Python and returns the result.</doc>
<msg timestamp="20250106 09:57:24.953" level="INFO">${index} = 0</msg>
<status status="PASS" starttime="20250106 09:57:24.953" endtime="20250106 09:57:24.954"/>
</kw>
<kw name="Run Keyword" library="BuiltIn">
<var>${expected_list}</var>
<arg>Get_List_Based_On_Name</arg>
<arg>${list_name}</arg>
<doc>Executes the given keyword with the given arguments.</doc>
<kw name="Get_List_Based_On_Name" library="utils">
<arg>${list_name}</arg>
<kw name="Create List" library="BuiltIn">
<var>@{list}</var>
<doc>Returns a list containing given items.</doc>
<msg timestamp="20250106 09:57:24.955" level="INFO">@{list} = [ ]</msg>
<status status="PASS" starttime="20250106 09:57:24.955" endtime="20250106 09:57:24.955"/>
</kw>
<kw name="Run Keyword If" library="BuiltIn">
<arg>'${name}' == 'header_list'</arg>
<arg>Set Test Variable</arg>
<arg>@{list}</arg>
<arg>@{header_list}</arg>
<doc>Runs the given keyword with the given arguments, if ``condition`` is true.</doc>
<kw name="Set Test Variable" library="BuiltIn">
<arg>@{list}</arg>
<arg>@{header_list}</arg>
<doc>Makes a variable available everywhere within the scope of the current test.</doc>
<msg timestamp="20250106 09:57:24.956" level="INFO">@{list} = [ Elements | Forms | Alerts, Frame &amp; Windows | Widgets | Interactions | Book Store Application ]</msg>
<status status="PASS" starttime="20250106 09:57:24.956" endtime="20250106 09:57:24.957"/>
</kw>
<status status="PASS" starttime="20250106 09:57:24.955" endtime="20250106 09:57:24.957"/>
</kw>
<kw name="Run Keyword If" library="BuiltIn">
<arg>'${name}' == 'Elements'</arg>
<arg>Set Test Variable</arg>
<arg>@{list}</arg>
<arg>@{Elements_list}</arg>
<doc>Runs the given keyword with the given arguments, if ``condition`` is true.</doc>
<status status="PASS" starttime="20250106 09:57:24.957" endtime="20250106 09:57:24.958"/>
</kw>
<kw name="Run Keyword If" library="BuiltIn">
<arg>'${name}' == 'Forms'</arg>
<arg>Set Test Variable</arg>
<arg>@{list}</arg>
<arg>@{Forms_list}</arg>
<doc>Runs the given keyword with the given arguments, if ``condition`` is true.</doc>
<status status="PASS" starttime="20250106 09:57:24.958" endtime="20250106 09:57:24.958"/>
</kw>
<kw name="Run Keyword If" library="BuiltIn">
<arg>'${name}' == 'Alerts, Frame &amp; Windows'</arg>
<arg>Set Test Variable</arg>
<arg>@{list}</arg>
<arg>@{Alerts_Frame_List}</arg>
<doc>Runs the given keyword with the given arguments, if ``condition`` is true.</doc>
<status status="PASS" starttime="20250106 09:57:24.959" endtime="20250106 09:57:24.959"/>
</kw>
<kw name="Run Keyword If" library="BuiltIn">
<arg>'${name}' == 'Widgets'</arg>
<arg>Set Test Variable</arg>
<arg>@{list}</arg>
<arg>@{Widgets_list}</arg>
<doc>Runs the given keyword with the given arguments, if ``condition`` is true.</doc>
<status status="PASS" starttime="20250106 09:57:24.959" endtime="20250106 09:57:24.959"/>
</kw>
<kw name="Run Keyword If" library="BuiltIn">
<arg>'${name}' == 'Interactions'</arg>
<arg>Set Test Variable</arg>
<arg>@{list}</arg>
<arg>@{Interactions_list}</arg>
<doc>Runs the given keyword with the given arguments, if ``condition`` is true.</doc>
<status status="PASS" starttime="20250106 09:57:24.960" endtime="20250106 09:57:24.960"/>
</kw>
<kw name="Run Keyword If" library="BuiltIn">
<arg>'${name}' == 'Book Store Application'</arg>
<arg>Set Test Variable</arg>
<arg>@{list}</arg>
<arg>@{Book_Store_list}</arg>
<doc>Runs the given keyword with the given arguments, if ``condition`` is true.</doc>
<status status="PASS" starttime="20250106 09:57:24.960" endtime="20250106 09:57:24.961"/>
</kw>
<status status="PASS" starttime="20250106 09:57:24.954" endtime="20250106 09:57:24.961"/>
</kw>
<msg timestamp="20250106 09:57:24.961" level="INFO">${expected_list} = ['Elements', 'Forms', 'Alerts, Frame &amp; Windows', 'Widgets', 'Interactions', 'Book Store Application']</msg>
<status status="PASS" starttime="20250106 09:57:24.954" endtime="20250106 09:57:24.961"/>
</kw>
<kw name="Set Variable" library="BuiltIn">
<var>${exp_index}</var>
<arg>${expected_list}[${index}]</arg>
<doc>Returns the given values which can then be assigned to a variables.</doc>
<msg timestamp="20250106 09:57:24.962" level="INFO">${exp_index} = Elements</msg>
<status status="PASS" starttime="20250106 09:57:24.961" endtime="20250106 09:57:24.962"/>
</kw>
<status status="PASS" starttime="20250106 09:57:24.953" endtime="20250106 09:57:24.962"/>
</kw>
<msg timestamp="20250106 09:57:24.962" level="INFO">${header_item} = Elements</msg>
<status status="PASS" starttime="20250106 09:57:24.952" endtime="20250106 09:57:24.962"/>
</kw>
<kw name="Open Browser" library="SeleniumLibrary">
<arg>${BROWSER_URL}</arg>
<arg>${BROWSER}</arg>
<doc>Opens a new browser instance to the optional ``url``.</doc>
<msg timestamp="20250106 09:57:24.963" level="INFO">Opening browser 'chrome' to base url 'https://demoqa.com/'.</msg>
<status status="PASS" starttime="20250106 09:57:24.962" endtime="20250106 09:59:03.010"/>
</kw>
<kw name="Maximize Browser Window" library="SeleniumLibrary">
<doc>Maximizes current browser window.</doc>
<status status="PASS" starttime="20250106 09:59:03.011" endtime="20250106 09:59:03.061"/>
</kw>
<kw name="Click Element" library="SeleniumLibrary">
<arg>xpath=//h5[text()='${header_item}']</arg>
<doc>Click the element identified by ``locator``.</doc>
<msg timestamp="20250106 09:59:03.064" level="INFO">Clicking element 'xpath=//h5[text()='Elements']'.</msg>
<status status="PASS" starttime="20250106 09:59:03.062" endtime="20250106 09:59:03.256"/>
</kw>
<status status="PASS" starttime="20250106 09:57:24.952" endtime="20250106 09:59:03.256"/>
</kw>
<status status="PASS" starttime="20250106 09:57:24.952" endtime="20250106 09:59:03.257"/>
</kw>
<status status="PASS" starttime="20250106 09:57:24.923" endtime="20250106 09:59:03.257"/>
</kw>
<status status="PASS" starttime="20250106 09:57:24.922" endtime="20250106 09:59:03.257"/>
</kw>
<kw name="Log To Console" library="BuiltIn">
<arg>This test case checks the text box functionality on the Elements page. It fills in the required fields and submits the form.</arg>
<doc>Logs the given message to the console.</doc>
<status status="PASS" starttime="20250106 09:59:03.258" endtime="20250106 09:59:03.259"/>
</kw>
<kw name="Choose_Page_Practice" library="corekeyword">
<arg>1</arg>
<arg>1</arg>
<kw name="Run Keyword" library="BuiltIn">
<var>${header_item}</var>
<arg>Get_Value_Index_List</arg>
<arg>${options_header}</arg>
<arg>header_list</arg>
<doc>Executes the given keyword with the given arguments.</doc>
<kw name="Get_Value_Index_List" library="utils">
<arg>${options_header}</arg>
<arg>header_list</arg>
<kw name="Evaluate" library="BuiltIn">
<var>${index}</var>
<arg>${Number_input} - 1</arg>
<doc>Evaluates the given expression in Python and returns the result.</doc>
<msg timestamp="20250106 09:59:03.267" level="INFO">${index} = 0</msg>
<status status="PASS" starttime="20250106 09:59:03.266" endtime="20250106 09:59:03.267"/>
</kw>
<kw name="Run Keyword" library="BuiltIn">
<var>${expected_list}</var>
<arg>Get_List_Based_On_Name</arg>
<arg>${list_name}</arg>
<doc>Executes the given keyword with the given arguments.</doc>
<kw name="Get_List_Based_On_Name" library="utils">
<arg>${list_name}</arg>
<kw name="Create List" library="BuiltIn">
<var>@{list}</var>
<doc>Returns a list containing given items.</doc>
<msg timestamp="20250106 09:59:03.269" level="INFO">@{list} = [ ]</msg>
<status status="PASS" starttime="20250106 09:59:03.269" endtime="20250106 09:59:03.269"/>
</kw>
<kw name="Run Keyword If" library="BuiltIn">
<arg>'${name}' == 'header_list'</arg>
<arg>Set Test Variable</arg>
<arg>@{list}</arg>
<arg>@{header_list}</arg>
<doc>Runs the given keyword with the given arguments, if ``condition`` is true.</doc>
<kw name="Set Test Variable" library="BuiltIn">
<arg>@{list}</arg>
<arg>@{header_list}</arg>
<doc>Makes a variable available everywhere within the scope of the current test.</doc>
<msg timestamp="20250106 09:59:03.270" level="INFO">@{list} = [ Elements | Forms | Alerts, Frame &amp; Windows | Widgets | Interactions | Book Store Application ]</msg>
<status status="PASS" starttime="20250106 09:59:03.270" endtime="20250106 09:59:03.271"/>
</kw>
<status status="PASS" starttime="20250106 09:59:03.269" endtime="20250106 09:59:03.271"/>
</kw>
<kw name="Run Keyword If" library="BuiltIn">
<arg>'${name}' == 'Elements'</arg>
<arg>Set Test Variable</arg>
<arg>@{list}</arg>
<arg>@{Elements_list}</arg>
<doc>Runs the given keyword with the given arguments, if ``condition`` is true.</doc>
<status status="PASS" starttime="20250106 09:59:03.271" endtime="20250106 09:59:03.271"/>
</kw>
<kw name="Run Keyword If" library="BuiltIn">
<arg>'${name}' == 'Forms'</arg>
<arg>Set Test Variable</arg>
<arg>@{list}</arg>
<arg>@{Forms_list}</arg>
<doc>Runs the given keyword with the given arguments, if ``condition`` is true.</doc>
<status status="PASS" starttime="20250106 09:59:03.272" endtime="20250106 09:59:03.272"/>
</kw>
<kw name="Run Keyword If" library="BuiltIn">
<arg>'${name}' == 'Alerts, Frame &amp; Windows'</arg>
<arg>Set Test Variable</arg>
<arg>@{list}</arg>
<arg>@{Alerts_Frame_List}</arg>
<doc>Runs the given keyword with the given arguments, if ``condition`` is true.</doc>
<status status="PASS" starttime="20250106 09:59:03.272" endtime="20250106 09:59:03.272"/>
</kw>
<kw name="Run Keyword If" library="BuiltIn">
<arg>'${name}' == 'Widgets'</arg>
<arg>Set Test Variable</arg>
<arg>@{list}</arg>
<arg>@{Widgets_list}</arg>
<doc>Runs the given keyword with the given arguments, if ``condition`` is true.</doc>
<status status="PASS" starttime="20250106 09:59:03.273" endtime="20250106 09:59:03.273"/>
</kw>
<kw name="Run Keyword If" library="BuiltIn">
<arg>'${name}' == 'Interactions'</arg>
<arg>Set Test Variable</arg>
<arg>@{list}</arg>
<arg>@{Interactions_list}</arg>
<doc>Runs the given keyword with the given arguments, if ``condition`` is true.</doc>
<status status="PASS" starttime="20250106 09:59:03.273" endtime="20250106 09:59:03.273"/>
</kw>
<kw name="Run Keyword If" library="BuiltIn">
<arg>'${name}' == 'Book Store Application'</arg>
<arg>Set Test Variable</arg>
<arg>@{list}</arg>
<arg>@{Book_Store_list}</arg>
<doc>Runs the given keyword with the given arguments, if ``condition`` is true.</doc>
<status status="PASS" starttime="20250106 09:59:03.274" endtime="20250106 09:59:03.274"/>
</kw>
<status status="PASS" starttime="20250106 09:59:03.269" endtime="20250106 09:59:03.274"/>
</kw>
<msg timestamp="20250106 09:59:03.274" level="INFO">${expected_list} = ['Elements', 'Forms', 'Alerts, Frame &amp; Windows', 'Widgets', 'Interactions', 'Book Store Application']</msg>
<status status="PASS" starttime="20250106 09:59:03.268" endtime="20250106 09:59:03.274"/>
</kw>
<kw name="Set Variable" library="BuiltIn">
<var>${exp_index}</var>
<arg>${expected_list}[${index}]</arg>
<doc>Returns the given values which can then be assigned to a variables.</doc>
<msg timestamp="20250106 09:59:03.275" level="INFO">${exp_index} = Elements</msg>
<status status="PASS" starttime="20250106 09:59:03.275" endtime="20250106 09:59:03.275"/>
</kw>
<status status="PASS" starttime="20250106 09:59:03.265" endtime="20250106 09:59:03.275"/>
</kw>
<msg timestamp="20250106 09:59:03.276" level="INFO">${header_item} = Elements</msg>
<status status="PASS" starttime="20250106 09:59:03.265" endtime="20250106 09:59:03.276"/>
</kw>
<kw name="Get Element Attribute" library="SeleniumLibrary">
<var>${class}</var>
<arg>xpath=//div[@class='element-group'][${options_header}]/div[contains(@class, 'element-list')]</arg>
<arg>class</arg>
<doc>Returns the value of ``attribute`` from the element ``locator``.</doc>
<msg timestamp="20250106 09:59:03.332" level="INFO">${class} = element-list collapse show</msg>
<status status="PASS" starttime="20250106 09:59:03.276" endtime="20250106 09:59:03.333"/>
</kw>
<kw name="Run Keyword If" library="BuiltIn">
<arg>'show' not in '${class}'</arg>
<arg>Scroll_Customs</arg>
<arg>//div[@class="header-text"][text()='${header_item}']</arg>
<doc>Runs the given keyword with the given arguments, if ``condition`` is true.</doc>
<status status="PASS" starttime="20250106 09:59:03.333" endtime="20250106 09:59:03.333"/>
</kw>
<kw name="Run Keyword If" library="BuiltIn">
<arg>'show' not in '${class}'</arg>
<arg>Click Element</arg>
<arg>xpath=//div[@class="header-text"][text()='${header_item}']</arg>
<doc>Runs the given keyword with the given arguments, if ``condition`` is true.</doc>
<status status="PASS" starttime="20250106 09:59:03.334" endtime="20250106 09:59:03.334"/>
</kw>
<kw name="Run Keyword" library="BuiltIn">
<var>${menu_item}</var>
<arg>Get_Value_Index_List</arg>
<arg>${options_menu}</arg>
<arg>${header_item}</arg>
<doc>Executes the given keyword with the given arguments.</doc>
<kw name="Get_Value_Index_List" library="utils">
<arg>${options_menu}</arg>
<arg>${header_item}</arg>
<kw name="Evaluate" library="BuiltIn">
<var>${index}</var>
<arg>${Number_input} - 1</arg>
<doc>Evaluates the given expression in Python and returns the result.</doc>
<msg timestamp="20250106 09:59:03.335" level="INFO">${index} = 0</msg>
<status status="PASS" starttime="20250106 09:59:03.335" endtime="20250106 09:59:03.335"/>
</kw>
<kw name="Run Keyword" library="BuiltIn">
<var>${expected_list}</var>
<arg>Get_List_Based_On_Name</arg>
<arg>${list_name}</arg>
<doc>Executes the given keyword with the given arguments.</doc>
<kw name="Get_List_Based_On_Name" library="utils">
<arg>${list_name}</arg>
<kw name="Create List" library="BuiltIn">
<var>@{list}</var>
<doc>Returns a list containing given items.</doc>
<msg timestamp="20250106 09:59:03.337" level="INFO">@{list} = [ ]</msg>
<status status="PASS" starttime="20250106 09:59:03.337" endtime="20250106 09:59:03.337"/>
</kw>
<kw name="Run Keyword If" library="BuiltIn">
<arg>'${name}' == 'header_list'</arg>
<arg>Set Test Variable</arg>
<arg>@{list}</arg>
<arg>@{header_list}</arg>
<doc>Runs the given keyword with the given arguments, if ``condition`` is true.</doc>
<status status="PASS" starttime="20250106 09:59:03.337" endtime="20250106 09:59:03.337"/>
</kw>
<kw name="Run Keyword If" library="BuiltIn">
<arg>'${name}' == 'Elements'</arg>
<arg>Set Test Variable</arg>
<arg>@{list}</arg>
<arg>@{Elements_list}</arg>
<doc>Runs the given keyword with the given arguments, if ``condition`` is true.</doc>
<kw name="Set Test Variable" library="BuiltIn">
<arg>@{list}</arg>
<arg>@{Elements_list}</arg>
<doc>Makes a variable available everywhere within the scope of the current test.</doc>
<msg timestamp="20250106 09:59:03.339" level="INFO">@{list} = [ Text Box | Check Box | Radio Button | Web Tables | Buttons | Links | Broken Links - Images | Upload and Download | Dynamic Properties ]</msg>
<status status="PASS" starttime="20250106 09:59:03.338" endtime="20250106 09:59:03.339"/>
</kw>
<status status="PASS" starttime="20250106 09:59:03.338" endtime="20250106 09:59:03.339"/>
</kw>
<kw name="Run Keyword If" library="BuiltIn">
<arg>'${name}' == 'Forms'</arg>
<arg>Set Test Variable</arg>
<arg>@{list}</arg>
<arg>@{Forms_list}</arg>
<doc>Runs the given keyword with the given arguments, if ``condition`` is true.</doc>
<status status="PASS" starttime="20250106 09:59:03.339" endtime="20250106 09:59:03.340"/>
</kw>
<kw name="Run Keyword If" library="BuiltIn">
<arg>'${name}' == 'Alerts, Frame &amp; Windows'</arg>
<arg>Set Test Variable</arg>
<arg>@{list}</arg>
<arg>@{Alerts_Frame_List}</arg>
<doc>Runs the given keyword with the given arguments, if ``condition`` is true.</doc>
<status status="PASS" starttime="20250106 09:59:03.340" endtime="20250106 09:59:03.340"/>
</kw>
<kw name="Run Keyword If" library="BuiltIn">
<arg>'${name}' == 'Widgets'</arg>
<arg>Set Test Variable</arg>
<arg>@{list}</arg>
<arg>@{Widgets_list}</arg>
<doc>Runs the given keyword with the given arguments, if ``condition`` is true.</doc>
<status status="PASS" starttime="20250106 09:59:03.340" endtime="20250106 09:59:03.341"/>
</kw>
<kw name="Run Keyword If" library="BuiltIn">
<arg>'${name}' == 'Interactions'</arg>
<arg>Set Test Variable</arg>
<arg>@{list}</arg>
<arg>@{Interactions_list}</arg>
<doc>Runs the given keyword with the given arguments, if ``condition`` is true.</doc>
<status status="PASS" starttime="20250106 09:59:03.341" endtime="20250106 09:59:03.341"/>
</kw>
<kw name="Run Keyword If" library="BuiltIn">
<arg>'${name}' == 'Book Store Application'</arg>
<arg>Set Test Variable</arg>
<arg>@{list}</arg>
<arg>@{Book_Store_list}</arg>
<doc>Runs the given keyword with the given arguments, if ``condition`` is true.</doc>
<status status="PASS" starttime="20250106 09:59:03.341" endtime="20250106 09:59:03.342"/>
</kw>
<status status="PASS" starttime="20250106 09:59:03.336" endtime="20250106 09:59:03.342"/>
</kw>
<msg timestamp="20250106 09:59:03.342" level="INFO">${expected_list} = ['Text Box', 'Check Box', 'Radio Button', 'Web Tables', 'Buttons', 'Links', 'Broken Links - Images', 'Upload and Download', 'Dynamic Properties']</msg>
<status status="PASS" starttime="20250106 09:59:03.336" endtime="20250106 09:59:03.342"/>
</kw>
<kw name="Set Variable" library="BuiltIn">
<var>${exp_index}</var>
<arg>${expected_list}[${index}]</arg>
<doc>Returns the given values which can then be assigned to a variables.</doc>
<msg timestamp="20250106 09:59:03.343" level="INFO">${exp_index} = Text Box</msg>
<status status="PASS" starttime="20250106 09:59:03.342" endtime="20250106 09:59:03.343"/>
</kw>
<status status="PASS" starttime="20250106 09:59:03.335" endtime="20250106 09:59:03.343"/>
</kw>
<msg timestamp="20250106 09:59:03.343" level="INFO">${menu_item} = Text Box</msg>
<status status="PASS" starttime="20250106 09:59:03.334" endtime="20250106 09:59:03.343"/>
</kw>
<kw name="Scroll_Customs" library="utils">
<arg>//span[@class="text"][text()='${menu_item}']</arg>
<kw name="Scroll Element Into View" library="SeleniumLibrary">
<arg>xpath=${locator}</arg>
<doc>Scrolls the element identified by ``locator`` into view.</doc>
<status status="PASS" starttime="20250106 09:59:03.344" endtime="20250106 09:59:03.694"/>
</kw>
<kw name="Execute Javascript" library="SeleniumLibrary">
<arg>window.scrollBy(0, 200)</arg>
<doc>Executes the given JavaScript code with possible arguments.</doc>
<msg timestamp="20250106 09:59:03.695" level="INFO">Executing JavaScript:
window.scrollBy(0, 200)
Without any arguments.</msg>
<status status="PASS" starttime="20250106 09:59:03.694" endtime="20250106 09:59:03.705"/>
</kw>
<status status="PASS" starttime="20250106 09:59:03.343" endtime="20250106 09:59:03.705"/>
</kw>
<kw name="Click Element" library="SeleniumLibrary">
<arg>xpath=//span[@class="text"][text()='${menu_item}']</arg>
<doc>Click the element identified by ``locator``.</doc>
<msg timestamp="20250106 09:59:03.705" level="INFO">Clicking element 'xpath=//span[@class="text"][text()='Text Box']'.</msg>
<status status="PASS" starttime="20250106 09:59:03.705" endtime="20250106 09:59:03.801"/>
</kw>
<status status="PASS" starttime="20250106 09:59:03.264" endtime="20250106 09:59:03.801"/>
</kw>
<kw name="Sleep" library="BuiltIn">
<arg>1</arg>
<doc>Pauses the test executed for the given time.</doc>
<msg timestamp="20250106 09:59:04.803" level="INFO">Slept 1 second</msg>
<status status="PASS" starttime="20250106 09:59:03.803" endtime="20250106 09:59:04.803"/>
</kw>
<kw name="Input Text" library="SeleniumLibrary">
<arg>xpath=//input[@id="userName"]</arg>
<arg>Cao Minh Hiep</arg>
<doc>Types the given ``text`` into the text field identified by ``locator``.</doc>
<msg timestamp="20250106 09:59:04.804" level="INFO">Typing text 'Cao Minh Hiep' into text field 'xpath=//input[@id="userName"]'.</msg>
<status status="PASS" starttime="20250106 09:59:04.804" endtime="20250106 09:59:04.994"/>
</kw>
<kw name="Input Text" library="SeleniumLibrary">
<arg>xpath=//input[@id="userEmail"]</arg>
<arg>cmhiep@tma.com</arg>
<doc>Types the given ``text`` into the text field identified by ``locator``.</doc>
<msg timestamp="20250106 09:59:04.995" level="INFO">Typing text 'cmhiep@tma.com' into text field 'xpath=//input[@id="userEmail"]'.</msg>
<status status="PASS" starttime="20250106 09:59:04.995" endtime="20250106 09:59:05.195"/>
</kw>
<kw name="Input Text" library="SeleniumLibrary">
<arg>xpath=//textarea[@id="currentAddress"]</arg>
<arg>Lab6 TMA Solution</arg>
<doc>Types the given ``text`` into the text field identified by ``locator``.</doc>
<msg timestamp="20250106 09:59:05.196" level="INFO">Typing text 'Lab6 TMA Solution' into text field 'xpath=//textarea[@id="currentAddress"]'.</msg>
<status status="PASS" starttime="20250106 09:59:05.195" endtime="20250106 09:59:05.387"/>
</kw>
<kw name="Input Text" library="SeleniumLibrary">
<arg>xpath=//textarea[@id="permanentAddress"]</arg>
<arg>None</arg>
<doc>Types the given ``text`` into the text field identified by ``locator``.</doc>
<msg timestamp="20250106 09:59:05.388" level="INFO">Typing text 'None' into text field 'xpath=//textarea[@id="permanentAddress"]'.</msg>
<status status="PASS" starttime="20250106 09:59:05.387" endtime="20250106 09:59:05.505"/>
</kw>
<kw name="Execute Javascript" library="SeleniumLibrary">
<arg>window.scrollBy(0, 200)</arg>
<doc>Executes the given JavaScript code with possible arguments.</doc>
<msg timestamp="20250106 09:59:05.506" level="INFO">Executing JavaScript:
window.scrollBy(0, 200)
Without any arguments.</msg>
<status status="PASS" starttime="20250106 09:59:05.506" endtime="20250106 09:59:05.538"/>
</kw>
<kw name="Click Button" library="SeleniumLibrary">
<arg>xpath=//button[@id="submit"]</arg>
<doc>Clicks the button identified by ``locator``.</doc>
<msg timestamp="20250106 09:59:05.539" level="INFO">Clicking button 'xpath=//button[@id="submit"]'.</msg>
<status status="PASS" starttime="20250106 09:59:05.538" endtime="20250106 09:59:05.691"/>
</kw>
<doc>This test case checks the text box functionality on the Elements page. It fills in the required fields and submits the form.</doc>
<status status="PASS" starttime="20250106 09:57:24.921" endtime="20250106 09:59:05.691"/>
</test>
<test id="s1-t2" name="Check_Box_Testing" line="39">
<kw name="Run Keywords" library="BuiltIn" type="SETUP">
<arg>Set Selenium Implicit Wait</arg>
<arg>10</arg>
<arg>AND</arg>
<arg>Check And Open Browser</arg>
<doc>Executes all the given keywords in a sequence.</doc>
<kw name="Set Selenium Implicit Wait" library="SeleniumLibrary">
<arg>10</arg>
<doc>Sets the implicit wait value used by Selenium.</doc>
<status status="PASS" starttime="20250106 09:59:05.693" endtime="20250106 09:59:05.694"/>
</kw>
<kw name="Check And Open Browser" library="corekeyword">
<kw name="Run Keyword And Ignore Error" library="BuiltIn">
<var>${result}</var>
<arg>Get Window Handles</arg>
<doc>Runs the given keyword with the given arguments and ignores possible error.</doc>
<kw name="Get Window Handles" library="SeleniumLibrary">
<doc>Returns all child window handles of the selected browser as a list.</doc>
<status status="PASS" starttime="20250106 09:59:05.695" endtime="20250106 09:59:05.697"/>
</kw>
<msg timestamp="20250106 09:59:05.697" level="INFO">${result} = ('PASS', ['5F465D2D94F487226330F3D4CD90ED82'])</msg>
<status status="PASS" starttime="20250106 09:59:05.695" endtime="20250106 09:59:05.697"/>
</kw>
<kw name="Set Variable If" library="BuiltIn">
<var>${windows}</var>
<arg>'${result[0]}' == 'PASS'</arg>
<arg>${result[1]}</arg>
<arg>[]</arg>
<doc>Sets variable based on the given condition.</doc>
<msg timestamp="20250106 09:59:05.700" level="INFO">${windows} = ['5F465D2D94F487226330F3D4CD90ED82']</msg>
<status status="PASS" starttime="20250106 09:59:05.697" endtime="20250106 09:59:05.700"/>
</kw>
<kw name="Run Keyword If" library="BuiltIn">
<arg>${windows} == []</arg>
<arg>Open_Browser_App_And_Choose_Element</arg>
<arg>1</arg>
<doc>Runs the given keyword with the given arguments, if ``condition`` is true.</doc>
<status status="PASS" starttime="20250106 09:59:05.700" endtime="20250106 09:59:05.701"/>
</kw>
<status status="PASS" starttime="20250106 09:59:05.695" endtime="20250106 09:59:05.701"/>
</kw>
<status status="PASS" starttime="20250106 09:59:05.693" endtime="20250106 09:59:05.701"/>
</kw>
<kw name="Log To Console" library="BuiltIn">
<arg>This test case verifies the checkbox functionality on the Elements page by selecting various options and validating the output.</arg>
<doc>Logs the given message to the console.</doc>
<status status="PASS" starttime="20250106 09:59:05.702" endtime="20250106 09:59:05.703"/>
</kw>
<kw name="Choose_Page_Practice" library="corekeyword">
<arg>1</arg>
<arg>2</arg>
<kw name="Run Keyword" library="BuiltIn">
<var>${header_item}</var>
<arg>Get_Value_Index_List</arg>
<arg>${options_header}</arg>
<arg>header_list</arg>
<doc>Executes the given keyword with the given arguments.</doc>
<kw name="Get_Value_Index_List" library="utils">
<arg>${options_header}</arg>
<arg>header_list</arg>
<kw name="Evaluate" library="BuiltIn">
<var>${index}</var>
<arg>${Number_input} - 1</arg>
<doc>Evaluates the given expression in Python and returns the result.</doc>
<msg timestamp="20250106 09:59:05.705" level="INFO">${index} = 0</msg>
<status status="PASS" starttime="20250106 09:59:05.704" endtime="20250106 09:59:05.705"/>
</kw>
<kw name="Run Keyword" library="BuiltIn">
<var>${expected_list}</var>
<arg>Get_List_Based_On_Name</arg>
<arg>${list_name}</arg>
<doc>Executes the given keyword with the given arguments.</doc>
<kw name="Get_List_Based_On_Name" library="utils">
<arg>${list_name}</arg>
<kw name="Create List" library="BuiltIn">
<var>@{list}</var>
<doc>Returns a list containing given items.</doc>
<msg timestamp="20250106 09:59:05.706" level="INFO">@{list} = [ ]</msg>
<status status="PASS" starttime="20250106 09:59:05.706" endtime="20250106 09:59:05.707"/>
</kw>
<kw name="Run Keyword If" library="BuiltIn">
<arg>'${name}' == 'header_list'</arg>
<arg>Set Test Variable</arg>
<arg>@{list}</arg>
<arg>@{header_list}</arg>
<doc>Runs the given keyword with the given arguments, if ``condition`` is true.</doc>
<kw name="Set Test Variable" library="BuiltIn">
<arg>@{list}</arg>
<arg>@{header_list}</arg>
<doc>Makes a variable available everywhere within the scope of the current test.</doc>
<msg timestamp="20250106 09:59:05.708" level="INFO">@{list} = [ Elements | Forms | Alerts, Frame &amp; Windows | Widgets | Interactions | Book Store Application ]</msg>
<status status="PASS" starttime="20250106 09:59:05.707" endtime="20250106 09:59:05.708"/>
</kw>
<status status="PASS" starttime="20250106 09:59:05.707" endtime="20250106 09:59:05.708"/>
</kw>
<kw name="Run Keyword If" library="BuiltIn">
<arg>'${name}' == 'Elements'</arg>
<arg>Set Test Variable</arg>
<arg>@{list}</arg>
<arg>@{Elements_list}</arg>
<doc>Runs the given keyword with the given arguments, if ``condition`` is true.</doc>
<status status="PASS" starttime="20250106 09:59:05.708" endtime="20250106 09:59:05.708"/>
</kw>
<kw name="Run Keyword If" library="BuiltIn">
<arg>'${name}' == 'Forms'</arg>
<arg>Set Test Variable</arg>
<arg>@{list}</arg>
<arg>@{Forms_list}</arg>
<doc>Runs the given keyword with the given arguments, if ``condition`` is true.</doc>
<status status="PASS" starttime="20250106 09:59:05.709" endtime="20250106 09:59:05.709"/>
</kw>
<kw name="Run Keyword If" library="BuiltIn">
<arg>'${name}' == 'Alerts, Frame &amp; Windows'</arg>
<arg>Set Test Variable</arg>
<arg>@{list}</arg>
<arg>@{Alerts_Frame_List}</arg>
<doc>Runs the given keyword with the given arguments, if ``condition`` is true.</doc>
<status status="PASS" starttime="20250106 09:59:05.709" endtime="20250106 09:59:05.709"/>
</kw>
<kw name="Run Keyword If" library="BuiltIn">
<arg>'${name}' == 'Widgets'</arg>
<arg>Set Test Variable</arg>
<arg>@{list}</arg>
<arg>@{Widgets_list}</arg>
<doc>Runs the given keyword with the given arguments, if ``condition`` is true.</doc>
<status status="PASS" starttime="20250106 09:59:05.710" endtime="20250106 09:59:05.710"/>
</kw>
<kw name="Run Keyword If" library="BuiltIn">
<arg>'${name}' == 'Interactions'</arg>
<arg>Set Test Variable</arg>
<arg>@{list}</arg>
<arg>@{Interactions_list}</arg>
<doc>Runs the given keyword with the given arguments, if ``condition`` is true.</doc>
<status status="PASS" starttime="20250106 09:59:05.710" endtime="20250106 09:59:05.711"/>
</kw>
<kw name="Run Keyword If" library="BuiltIn">
<arg>'${name}' == 'Book Store Application'</arg>
<arg>Set Test Variable</arg>
<arg>@{list}</arg>
<arg>@{Book_Store_list}</arg>
<doc>Runs the given keyword with the given arguments, if ``condition`` is true.</doc>
<status status="PASS" starttime="20250106 09:59:05.711" endtime="20250106 09:59:05.711"/>
</kw>
<status status="PASS" starttime="20250106 09:59:05.705" endtime="20250106 09:59:05.711"/>
</kw>
<msg timestamp="20250106 09:59:05.711" level="INFO">${expected_list} = ['Elements', 'Forms', 'Alerts, Frame &amp; Windows', 'Widgets', 'Interactions', 'Book Store Application']</msg>
<status status="PASS" starttime="20250106 09:59:05.705" endtime="20250106 09:59:05.712"/>
</kw>
<kw name="Set Variable" library="BuiltIn">
<var>${exp_index}</var>
<arg>${expected_list}[${index}]</arg>
<doc>Returns the given values which can then be assigned to a variables.</doc>
<msg timestamp="20250106 09:59:05.712" level="INFO">${exp_index} = Elements</msg>
<status status="PASS" starttime="20250106 09:59:05.712" endtime="20250106 09:59:05.712"/>
</kw>
<status status="PASS" starttime="20250106 09:59:05.704" endtime="20250106 09:59:05.712"/>
</kw>
<msg timestamp="20250106 09:59:05.713" level="INFO">${header_item} = Elements</msg>
<status status="PASS" starttime="20250106 09:59:05.704" endtime="20250106 09:59:05.713"/>
</kw>
<kw name="Get Element Attribute" library="SeleniumLibrary">
<var>${class}</var>
<arg>xpath=//div[@class='element-group'][${options_header}]/div[contains(@class, 'element-list')]</arg>
<arg>class</arg>
<doc>Returns the value of ``attribute`` from the element ``locator``.</doc>
<msg timestamp="20250106 09:59:05.808" level="INFO">${class} = element-list collapse show</msg>
<status status="PASS" starttime="20250106 09:59:05.713" endtime="20250106 09:59:05.809"/>
</kw>
<kw name="Run Keyword If" library="BuiltIn">
<arg>'show' not in '${class}'</arg>
<arg>Scroll_Customs</arg>
<arg>//div[@class="header-text"][text()='${header_item}']</arg>
<doc>Runs the given keyword with the given arguments, if ``condition`` is true.</doc>
<status status="PASS" starttime="20250106 09:59:05.809" endtime="20250106 09:59:05.809"/>
</kw>
<kw name="Run Keyword If" library="BuiltIn">
<arg>'show' not in '${class}'</arg>
<arg>Click Element</arg>
<arg>xpath=//div[@class="header-text"][text()='${header_item}']</arg>
<doc>Runs the given keyword with the given arguments, if ``condition`` is true.</doc>
<status status="PASS" starttime="20250106 09:59:05.809" endtime="20250106 09:59:05.810"/>
</kw>
<kw name="Run Keyword" library="BuiltIn">
<var>${menu_item}</var>
<arg>Get_Value_Index_List</arg>
<arg>${options_menu}</arg>
<arg>${header_item}</arg>
<doc>Executes the given keyword with the given arguments.</doc>
<kw name="Get_Value_Index_List" library="utils">
<arg>${options_menu}</arg>
<arg>${header_item}</arg>
<kw name="Evaluate" library="BuiltIn">
<var>${index}</var>
<arg>${Number_input} - 1</arg>
<doc>Evaluates the given expression in Python and returns the result.</doc>
<msg timestamp="20250106 09:59:05.811" level="INFO">${index} = 1</msg>
<status status="PASS" starttime="20250106 09:59:05.810" endtime="20250106 09:59:05.811"/>
</kw>
<kw name="Run Keyword" library="BuiltIn">
<var>${expected_list}</var>
<arg>Get_List_Based_On_Name</arg>
<arg>${list_name}</arg>
<doc>Executes the given keyword with the given arguments.</doc>
<kw name="Get_List_Based_On_Name" library="utils">
<arg>${list_name}</arg>
<kw name="Create List" library="BuiltIn">
<var>@{list}</var>
<doc>Returns a list containing given items.</doc>
<msg timestamp="20250106 09:59:05.812" level="INFO">@{list} = [ ]</msg>
<status status="PASS" starttime="20250106 09:59:05.811" endtime="20250106 09:59:05.812"/>
</kw>
<kw name="Run Keyword If" library="BuiltIn">
<arg>'${name}' == 'header_list'</arg>
<arg>Set Test Variable</arg>
<arg>@{list}</arg>
<arg>@{header_list}</arg>
<doc>Runs the given keyword with the given arguments, if ``condition`` is true.</doc>
<status status="PASS" starttime="20250106 09:59:05.812" endtime="20250106 09:59:05.812"/>
</kw>
<kw name="Run Keyword If" library="BuiltIn">
<arg>'${name}' == 'Elements'</arg>
<arg>Set Test Variable</arg>
<arg>@{list}</arg>
<arg>@{Elements_list}</arg>
<doc>Runs the given keyword with the given arguments, if ``condition`` is true.</doc>
<kw name="Set Test Variable" library="BuiltIn">
<arg>@{list}</arg>
<arg>@{Elements_list}</arg>
<doc>Makes a variable available everywhere within the scope of the current test.</doc>
<msg timestamp="20250106 09:59:05.813" level="INFO">@{list} = [ Text Box | Check Box | Radio Button | Web Tables | Buttons | Links | Broken Links - Images | Upload and Download | Dynamic Properties ]</msg>
<status status="PASS" starttime="20250106 09:59:05.813" endtime="20250106 09:59:05.813"/>
</kw>
<status status="PASS" starttime="20250106 09:59:05.812" endtime="20250106 09:59:05.813"/>
</kw>
<kw name="Run Keyword If" library="BuiltIn">
<arg>'${name}' == 'Forms'</arg>
<arg>Set Test Variable</arg>
<arg>@{list}</arg>
<arg>@{Forms_list}</arg>
<doc>Runs the given keyword with the given arguments, if ``condition`` is true.</doc>
<status status="PASS" starttime="20250106 09:59:05.813" endtime="20250106 09:59:05.814"/>
</kw>
<kw name="Run Keyword If" library="BuiltIn">
<arg>'${name}' == 'Alerts, Frame &amp; Windows'</arg>
<arg>Set Test Variable</arg>
<arg>@{list}</arg>
<arg>@{Alerts_Frame_List}</arg>
<doc>Runs the given keyword with the given arguments, if ``condition`` is true.</doc>
<status status="PASS" starttime="20250106 09:59:05.815" endtime="20250106 09:59:05.815"/>
</kw>
<kw name="Run Keyword If" library="BuiltIn">
<arg>'${name}' == 'Widgets'</arg>
<arg>Set Test Variable</arg>
<arg>@{list}</arg>
<arg>@{Widgets_list}</arg>
<doc>Runs the given keyword with the given arguments, if ``condition`` is true.</doc>
<status status="PASS" starttime="20250106 09:59:05.815" endtime="20250106 09:59:05.816"/>
</kw>
<kw name="Run Keyword If" library="BuiltIn">
<arg>'${name}' == 'Interactions'</arg>
<arg>Set Test Variable</arg>
<arg>@{list}</arg>
<arg>@{Interactions_list}</arg>
<doc>Runs the given keyword with the given arguments, if ``condition`` is true.</doc>
<status status="PASS" starttime="20250106 09:59:05.816" endtime="20250106 09:59:05.817"/>
</kw>
<kw name="Run Keyword If" library="BuiltIn">
<arg>'${name}' == 'Book Store Application'</arg>
<arg>Set Test Variable</arg>
<arg>@{list}</arg>
<arg>@{Book_Store_list}</arg>
<doc>Runs the given keyword with the given arguments, if ``condition`` is true.</doc>
<status status="PASS" starttime="20250106 09:59:05.817" endtime="20250106 09:59:05.817"/>
</kw>
<status status="PASS" starttime="20250106 09:59:05.811" endtime="20250106 09:59:05.818"/>
</kw>
<msg timestamp="20250106 09:59:05.818" level="INFO">${expected_list} = ['Text Box', 'Check Box', 'Radio Button', 'Web Tables', 'Buttons', 'Links', 'Broken Links - Images', 'Upload and Download', 'Dynamic Properties']</msg>
<status status="PASS" starttime="20250106 09:59:05.811" endtime="20250106 09:59:05.818"/>
</kw>
<kw name="Set Variable" library="BuiltIn">
<var>${exp_index}</var>
<arg>${expected_list}[${index}]</arg>
<doc>Returns the given values which can then be assigned to a variables.</doc>
<msg timestamp="20250106 09:59:05.818" level="INFO">${exp_index} = Check Box</msg>
<status status="PASS" starttime="20250106 09:59:05.818" endtime="20250106 09:59:05.819"/>
</kw>
<status status="PASS" starttime="20250106 09:59:05.810" endtime="20250106 09:59:05.819"/>
</kw>
<msg timestamp="20250106 09:59:05.819" level="INFO">${menu_item} = Check Box</msg>
<status status="PASS" starttime="20250106 09:59:05.810" endtime="20250106 09:59:05.819"/>
</kw>
<kw name="Scroll_Customs" library="utils">
<arg>//span[@class="text"][text()='${menu_item}']</arg>
<kw name="Scroll Element Into View" library="SeleniumLibrary">
<arg>xpath=${locator}</arg>
<doc>Scrolls the element identified by ``locator`` into view.</doc>
<status status="PASS" starttime="20250106 09:59:05.819" endtime="20250106 09:59:06.143"/>
</kw>
<kw name="Execute Javascript" library="SeleniumLibrary">
<arg>window.scrollBy(0, 200)</arg>
<doc>Executes the given JavaScript code with possible arguments.</doc>
<msg timestamp="20250106 09:59:06.144" level="INFO">Executing JavaScript:
window.scrollBy(0, 200)
Without any arguments.</msg>
<status status="PASS" starttime="20250106 09:59:06.143" endtime="20250106 09:59:06.150"/>
</kw>
<status status="PASS" starttime="20250106 09:59:05.819" endtime="20250106 09:59:06.151"/>
</kw>
<kw name="Click Element" library="SeleniumLibrary">
<arg>xpath=//span[@class="text"][text()='${menu_item}']</arg>
<doc>Click the element identified by ``locator``.</doc>
<msg timestamp="20250106 09:59:06.151" level="INFO">Clicking element 'xpath=//span[@class="text"][text()='Check Box']'.</msg>
<status status="PASS" starttime="20250106 09:59:06.151" endtime="20250106 09:59:06.245"/>
</kw>
<status status="PASS" starttime="20250106 09:59:05.703" endtime="20250106 09:59:06.246"/>
</kw>
<kw name="Sleep" library="BuiltIn">
<arg>1</arg>
<doc>Pauses the test executed for the given time.</doc>
<msg timestamp="20250106 09:59:07.247" level="INFO">Slept 1 second</msg>
<status status="PASS" starttime="20250106 09:59:06.246" endtime="20250106 09:59:07.247"/>
</kw>
<kw name="Click Element" library="SeleniumLibrary">
<arg>xpath=//span[@class='rct-title'][text()='Home']</arg>
<doc>Click the element identified by ``locator``.</doc>
<msg timestamp="20250106 09:59:07.248" level="INFO">Clicking element 'xpath=//span[@class='rct-title'][text()='Home']'.</msg>
<status status="PASS" starttime="20250106 09:59:07.248" endtime="20250106 09:59:07.363"/>
</kw>
<kw name="Click Element" library="SeleniumLibrary">
<arg>xpath=//span[@class='rct-title'][text()='Home']</arg>
<doc>Click the element identified by ``locator``.</doc>
<msg timestamp="20250106 09:59:07.364" level="INFO">Clicking element 'xpath=//span[@class='rct-title'][text()='Home']'.</msg>
<status status="PASS" starttime="20250106 09:59:07.363" endtime="20250106 09:59:07.421"/>
</kw>
<kw name="Click Element" library="SeleniumLibrary">
<arg>xpath=//button[@aria-label="Expand all"]</arg>
<doc>Click the element identified by ``locator``.</doc>
<msg timestamp="20250106 09:59:07.422" level="INFO">Clicking element 'xpath=//button[@aria-label="Expand all"]'.</msg>
<status status="PASS" starttime="20250106 09:59:07.422" endtime="20250106 09:59:07.508"/>
</kw>
<kw name="Click Element" library="SeleniumLibrary">
<arg>xpath=//span[@class='rct-title'][text()='Notes']</arg>
<doc>Click the element identified by ``locator``.</doc>
<msg timestamp="20250106 09:59:07.509" level="INFO">Clicking element 'xpath=//span[@class='rct-title'][text()='Notes']'.</msg>
<status status="PASS" starttime="20250106 09:59:07.509" endtime="20250106 09:59:07.612"/>
</kw>
<kw name="Click Element" library="SeleniumLibrary">
<arg>xpath=//span[@class='rct-title'][text()='Commands']</arg>
<doc>Click the element identified by ``locator``.</doc>
<msg timestamp="20250106 09:59:07.613" level="INFO">Clicking element 'xpath=//span[@class='rct-title'][text()='Commands']'.</msg>
<status status="PASS" starttime="20250106 09:59:07.612" endtime="20250106 09:59:07.745"/>
</kw>
<kw name="Click Element" library="SeleniumLibrary">
<arg>xpath=//span[@class='rct-title'][text()='WorkSpace']</arg>
<doc>Click the element identified by ``locator``.</doc>
<msg timestamp="20250106 09:59:07.746" level="INFO">Clicking element 'xpath=//span[@class='rct-title'][text()='WorkSpace']'.</msg>
<status status="PASS" starttime="20250106 09:59:07.746" endtime="20250106 09:59:07.818"/>
</kw>
<kw name="Scroll_Customs" library="utils">
<arg>//span[@class='rct-title'][text()='Public']</arg>
<kw name="Scroll Element Into View" library="SeleniumLibrary">
<arg>xpath=${locator}</arg>
<doc>Scrolls the element identified by ``locator`` into view.</doc>
<status status="PASS" starttime="20250106 09:59:07.819" endtime="20250106 09:59:08.094"/>
</kw>
<kw name="Execute Javascript" library="SeleniumLibrary">
<arg>window.scrollBy(0, 200)</arg>
<doc>Executes the given JavaScript code with possible arguments.</doc>
<msg timestamp="20250106 09:59:08.094" level="INFO">Executing JavaScript:
window.scrollBy(0, 200)
Without any arguments.</msg>
<status status="PASS" starttime="20250106 09:59:08.094" endtime="20250106 09:59:08.104"/>
</kw>
<status status="PASS" starttime="20250106 09:59:07.819" endtime="20250106 09:59:08.105"/>
</kw>
<kw name="Click Element" library="SeleniumLibrary">
<arg>xpath=//span[@class='rct-title'][text()='Public']</arg>
<doc>Click the element identified by ``locator``.</doc>
<msg timestamp="20250106 09:59:08.107" level="INFO">Clicking element 'xpath=//span[@class='rct-title'][text()='Public']'.</msg>
<status status="PASS" starttime="20250106 09:59:08.106" endtime="20250106 09:59:08.183"/>
</kw>
<kw name="Scroll_Customs" library="utils">
<arg>//span[@class='rct-title'][text()='Downloads']</arg>
<kw name="Scroll Element Into View" library="SeleniumLibrary">
<arg>xpath=${locator}</arg>
<doc>Scrolls the element identified by ``locator`` into view.</doc>
<status status="PASS" starttime="20250106 09:59:08.185" endtime="20250106 09:59:08.466"/>
</kw>
<kw name="Execute Javascript" library="SeleniumLibrary">
<arg>window.scrollBy(0, 200)</arg>
<doc>Executes the given JavaScript code with possible arguments.</doc>
<msg timestamp="20250106 09:59:08.467" level="INFO">Executing JavaScript:
window.scrollBy(0, 200)
Without any arguments.</msg>
<status status="PASS" starttime="20250106 09:59:08.466" endtime="20250106 09:59:08.476"/>
</kw>
<status status="PASS" starttime="20250106 09:59:08.184" endtime="20250106 09:59:08.476"/>
</kw>
<kw name="Click Element" library="SeleniumLibrary">
<arg>xpath=//span[@class='rct-title'][text()='Downloads']</arg>
<doc>Click the element identified by ``locator``.</doc>
<msg timestamp="20250106 09:59:08.478" level="INFO">Clicking element 'xpath=//span[@class='rct-title'][text()='Downloads']'.</msg>
<status status="PASS" starttime="20250106 09:59:08.477" endtime="20250106 09:59:08.552"/>
</kw>
<kw name="Page Should Contain" library="SeleniumLibrary">
<arg>You have selected</arg>
<doc>Verifies that current page contains ``text``.</doc>
<msg timestamp="20250106 09:59:08.569" level="INFO">Current page contains text 'You have selected'.</msg>
<status status="PASS" starttime="20250106 09:59:08.553" endtime="20250106 09:59:08.569"/>
</kw>
<doc>This test case verifies the checkbox functionality on the Elements page by selecting various options and validating the output.</doc>
<status status="PASS" starttime="20250106 09:59:05.692" endtime="20250106 09:59:08.570"/>
</test>
<test id="s1-t3" name="Radio_Button_Test" line="59">
<kw name="Run Keywords" library="BuiltIn" type="SETUP">
<arg>Set Selenium Implicit Wait</arg>
<arg>10</arg>
<arg>AND</arg>
<arg>Check And Open Browser</arg>
<doc>Executes all the given keywords in a sequence.</doc>
<kw name="Set Selenium Implicit Wait" library="SeleniumLibrary">
<arg>10</arg>
<doc>Sets the implicit wait value used by Selenium.</doc>
<status status="PASS" starttime="20250106 09:59:08.572" endtime="20250106 09:59:08.574"/>
</kw>
<kw name="Check And Open Browser" library="corekeyword">
<kw name="Run Keyword And Ignore Error" library="BuiltIn">
<var>${result}</var>
<arg>Get Window Handles</arg>
<doc>Runs the given keyword with the given arguments and ignores possible error.</doc>
<kw name="Get Window Handles" library="SeleniumLibrary">
<doc>Returns all child window handles of the selected browser as a list.</doc>
<status status="PASS" starttime="20250106 09:59:08.575" endtime="20250106 09:59:08.577"/>
</kw>
<msg timestamp="20250106 09:59:08.577" level="INFO">${result} = ('PASS', ['5F465D2D94F487226330F3D4CD90ED82'])</msg>
<status status="PASS" starttime="20250106 09:59:08.575" endtime="20250106 09:59:08.577"/>
</kw>
<kw name="Set Variable If" library="BuiltIn">
<var>${windows}</var>
<arg>'${result[0]}' == 'PASS'</arg>
<arg>${result[1]}</arg>
<arg>[]</arg>
<doc>Sets variable based on the given condition.</doc>
<msg timestamp="20250106 09:59:08.578" level="INFO">${windows} = ['5F465D2D94F487226330F3D4CD90ED82']</msg>
<status status="PASS" starttime="20250106 09:59:08.577" endtime="20250106 09:59:08.578"/>
</kw>
<kw name="Run Keyword If" library="BuiltIn">
<arg>${windows} == []</arg>
<arg>Open_Browser_App_And_Choose_Element</arg>
<arg>1</arg>
<doc>Runs the given keyword with the given arguments, if ``condition`` is true.</doc>
<status status="PASS" starttime="20250106 09:59:08.579" endtime="20250106 09:59:08.579"/>
</kw>
<status status="PASS" starttime="20250106 09:59:08.574" endtime="20250106 09:59:08.579"/>
</kw>
<status status="PASS" starttime="20250106 09:59:08.572" endtime="20250106 09:59:08.579"/>
</kw>
<kw name="Log To Console" library="BuiltIn">
<arg>This test case verifies the functionality of radio buttons on the Elements page by selecting options and checking the results.</arg>
<doc>Logs the given message to the console.</doc>
<status status="PASS" starttime="20250106 09:59:08.580" endtime="20250106 09:59:08.580"/>
</kw>
<kw name="Choose_Page_Practice" library="corekeyword">
<arg>1</arg>
<arg>3</arg>
<kw name="Run Keyword" library="BuiltIn">
<var>${header_item}</var>
<arg>Get_Value_Index_List</arg>
<arg>${options_header}</arg>
<arg>header_list</arg>
<doc>Executes the given keyword with the given arguments.</doc>
<kw name="Get_Value_Index_List" library="utils">
<arg>${options_header}</arg>
<arg>header_list</arg>
<kw name="Evaluate" library="BuiltIn">
<var>${index}</var>
<arg>${Number_input} - 1</arg>
<doc>Evaluates the given expression in Python and returns the result.</doc>
<msg timestamp="20250106 09:59:08.582" level="INFO">${index} = 0</msg>
<status status="PASS" starttime="20250106 09:59:08.582" endtime="20250106 09:59:08.582"/>
</kw>
<kw name="Run Keyword" library="BuiltIn">
<var>${expected_list}</var>
<arg>Get_List_Based_On_Name</arg>
<arg>${list_name}</arg>
<doc>Executes the given keyword with the given arguments.</doc>
<kw name="Get_List_Based_On_Name" library="utils">
<arg>${list_name}</arg>
<kw name="Create List" library="BuiltIn">
<var>@{list}</var>
<doc>Returns a list containing given items.</doc>
<msg timestamp="20250106 09:59:08.583" level="INFO">@{list} = [ ]</msg>
<status status="PASS" starttime="20250106 09:59:08.583" endtime="20250106 09:59:08.583"/>
</kw>
<kw name="Run Keyword If" library="BuiltIn">
<arg>'${name}' == 'header_list'</arg>
<arg>Set Test Variable</arg>
<arg>@{list}</arg>
<arg>@{header_list}</arg>
<doc>Runs the given keyword with the given arguments, if ``condition`` is true.</doc>
<kw name="Set Test Variable" library="BuiltIn">
<arg>@{list}</arg>
<arg>@{header_list}</arg>
<doc>Makes a variable available everywhere within the scope of the current test.</doc>
<msg timestamp="20250106 09:59:08.585" level="INFO">@{list} = [ Elements | Forms | Alerts, Frame &amp; Windows | Widgets | Interactions | Book Store Application ]</msg>
<status status="PASS" starttime="20250106 09:59:08.584" endtime="20250106 09:59:08.585"/>
</kw>
<status status="PASS" starttime="20250106 09:59:08.584" endtime="20250106 09:59:08.585"/>
</kw>
<kw name="Run Keyword If" library="BuiltIn">
<arg>'${name}' == 'Elements'</arg>
<arg>Set Test Variable</arg>
<arg>@{list}</arg>
<arg>@{Elements_list}</arg>
<doc>Runs the given keyword with the given arguments, if ``condition`` is true.</doc>
<status status="PASS" starttime="20250106 09:59:08.585" endtime="20250106 09:59:08.585"/>
</kw>
<kw name="Run Keyword If" library="BuiltIn">
<arg>'${name}' == 'Forms'</arg>
<arg>Set Test Variable</arg>
<arg>@{list}</arg>
<arg>@{Forms_list}</arg>
<doc>Runs the given keyword with the given arguments, if ``condition`` is true.</doc>
<status status="PASS" starttime="20250106 09:59:08.586" endtime="20250106 09:59:08.586"/>
</kw>
<kw name="Run Keyword If" library="BuiltIn">
<arg>'${name}' == 'Alerts, Frame &amp; Windows'</arg>
<arg>Set Test Variable</arg>
<arg>@{list}</arg>
<arg>@{Alerts_Frame_List}</arg>
<doc>Runs the given keyword with the given arguments, if ``condition`` is true.</doc>
<status status="PASS" starttime="20250106 09:59:08.586" endtime="20250106 09:59:08.586"/>
</kw>
<kw name="Run Keyword If" library="BuiltIn">
<arg>'${name}' == 'Widgets'</arg>
<arg>Set Test Variable</arg>
<arg>@{list}</arg>
<arg>@{Widgets_list}</arg>
<doc>Runs the given keyword with the given arguments, if ``condition`` is true.</doc>
<status status="PASS" starttime="20250106 09:59:08.586" endtime="20250106 09:59:08.587"/>
</kw>
<kw name="Run Keyword If" library="BuiltIn">
<arg>'${name}' == 'Interactions'</arg>
<arg>Set Test Variable</arg>
<arg>@{list}</arg>
<arg>@{Interactions_list}</arg>
<doc>Runs the given keyword with the given arguments, if ``condition`` is true.</doc>
<status status="PASS" starttime="20250106 09:59:08.587" endtime="20250106 09:59:08.587"/>
</kw>
<kw name="Run Keyword If" library="BuiltIn">
<arg>'${name}' == 'Book Store Application'</arg>
<arg>Set Test Variable</arg>
<arg>@{list}</arg>
<arg>@{Book_Store_list}</arg>
<doc>Runs the given keyword with the given arguments, if ``condition`` is true.</doc>
<status status="PASS" starttime="20250106 09:59:08.587" endtime="20250106 09:59:08.588"/>
</kw>
<status status="PASS" starttime="20250106 09:59:08.583" endtime="20250106 09:59:08.588"/>
</kw>
<msg timestamp="20250106 09:59:08.588" level="INFO">${expected_list} = ['Elements', 'Forms', 'Alerts, Frame &amp; Windows', 'Widgets', 'Interactions', 'Book Store Application']</msg>
<status status="PASS" starttime="20250106 09:59:08.582" endtime="20250106 09:59:08.588"/>
</kw>
<kw name="Set Variable" library="BuiltIn">
<var>${exp_index}</var>
<arg>${expected_list}[${index}]</arg>
<doc>Returns the given values which can then be assigned to a variables.</doc>
<msg timestamp="20250106 09:59:08.588" level="INFO">${exp_index} = Elements</msg>
<status status="PASS" starttime="20250106 09:59:08.588" endtime="20250106 09:59:08.589"/>
</kw>
<status status="PASS" starttime="20250106 09:59:08.581" endtime="20250106 09:59:08.589"/>
</kw>
<msg timestamp="20250106 09:59:08.589" level="INFO">${header_item} = Elements</msg>
<status status="PASS" starttime="20250106 09:59:08.581" endtime="20250106 09:59:08.589"/>
</kw>
<kw name="Get Element Attribute" library="SeleniumLibrary">
<var>${class}</var>
<arg>xpath=//div[@class='element-group'][${options_header}]/div[contains(@class, 'element-list')]</arg>
<arg>class</arg>
<doc>Returns the value of ``attribute`` from the element ``locator``.</doc>
<msg timestamp="20250106 09:59:08.647" level="INFO">${class} = element-list collapse show</msg>
<status status="PASS" starttime="20250106 09:59:08.589" endtime="20250106 09:59:08.648"/>
</kw>
<kw name="Run Keyword If" library="BuiltIn">
<arg>'show' not in '${class}'</arg>
<arg>Scroll_Customs</arg>
<arg>//div[@class="header-text"][text()='${header_item}']</arg>
<doc>Runs the given keyword with the given arguments, if ``condition`` is true.</doc>
<status status="PASS" starttime="20250106 09:59:08.648" endtime="20250106 09:59:08.648"/>
</kw>
<kw name="Run Keyword If" library="BuiltIn">
<arg>'show' not in '${class}'</arg>
<arg>Click Element</arg>
<arg>xpath=//div[@class="header-text"][text()='${header_item}']</arg>
<doc>Runs the given keyword with the given arguments, if ``condition`` is true.</doc>
<status status="PASS" starttime="20250106 09:59:08.648" endtime="20250106 09:59:08.649"/>
</kw>
<kw name="Run Keyword" library="BuiltIn">
<var>${menu_item}</var>
<arg>Get_Value_Index_List</arg>
<arg>${options_menu}</arg>
<arg>${header_item}</arg>
<doc>Executes the given keyword with the given arguments.</doc>
<kw name="Get_Value_Index_List" library="utils">
<arg>${options_menu}</arg>
<arg>${header_item}</arg>
<kw name="Evaluate" library="BuiltIn">
<var>${index}</var>
<arg>${Number_input} - 1</arg>
<doc>Evaluates the given expression in Python and returns the result.</doc>
<msg timestamp="20250106 09:59:08.650" level="INFO">${index} = 2</msg>
<status status="PASS" starttime="20250106 09:59:08.649" endtime="20250106 09:59:08.650"/>
</kw>
<kw name="Run Keyword" library="BuiltIn">
<var>${expected_list}</var>
<arg>Get_List_Based_On_Name</arg>
<arg>${list_name}</arg>
<doc>Executes the given keyword with the given arguments.</doc>
<kw name="Get_List_Based_On_Name" library="utils">
<arg>${list_name}</arg>
<kw name="Create List" library="BuiltIn">
<var>@{list}</var>
<doc>Returns a list containing given items.</doc>
<msg timestamp="20250106 09:59:08.652" level="INFO">@{list} = [ ]</msg>
<status status="PASS" starttime="20250106 09:59:08.651" endtime="20250106 09:59:08.652"/>
</kw>
<kw name="Run Keyword If" library="BuiltIn">
<arg>'${name}' == 'header_list'</arg>
<arg>Set Test Variable</arg>
<arg>@{list}</arg>
<arg>@{header_list}</arg>
<doc>Runs the given keyword with the given arguments, if ``condition`` is true.</doc>
<status status="PASS" starttime="20250106 09:59:08.652" endtime="20250106 09:59:08.653"/>
</kw>
<kw name="Run Keyword If" library="BuiltIn">
<arg>'${name}' == 'Elements'</arg>
<arg>Set Test Variable</arg>
<arg>@{list}</arg>
<arg>@{Elements_list}</arg>
<doc>Runs the given keyword with the given arguments, if ``condition`` is true.</doc>
<kw name="Set Test Variable" library="BuiltIn">
<arg>@{list}</arg>
<arg>@{Elements_list}</arg>
<doc>Makes a variable available everywhere within the scope of the current test.</doc>
<msg timestamp="20250106 09:59:08.654" level="INFO">@{list} = [ Text Box | Check Box | Radio Button | Web Tables | Buttons | Links | Broken Links - Images | Upload and Download | Dynamic Properties ]</msg>
<status status="PASS" starttime="20250106 09:59:08.653" endtime="20250106 09:59:08.654"/>
</kw>
<status status="PASS" starttime="20250106 09:59:08.653" endtime="20250106 09:59:08.654"/>
</kw>
<kw name="Run Keyword If" library="BuiltIn">
<arg>'${name}' == 'Forms'</arg>
<arg>Set Test Variable</arg>
<arg>@{list}</arg>
<arg>@{Forms_list}</arg>
<doc>Runs the given keyword with the given arguments, if ``condition`` is true.</doc>
<status status="PASS" starttime="20250106 09:59:08.654" endtime="20250106 09:59:08.654"/>
</kw>
<kw name="Run Keyword If" library="BuiltIn">
<arg>'${name}' == 'Alerts, Frame &amp; Windows'</arg>
<arg>Set Test Variable</arg>
<arg>@{list}</arg>
<arg>@{Alerts_Frame_List}</arg>
<doc>Runs the given keyword with the given arguments, if ``condition`` is true.</doc>
<status status="PASS" starttime="20250106 09:59:08.654" endtime="20250106 09:59:08.655"/>
</kw>
<kw name="Run Keyword If" library="BuiltIn">
<arg>'${name}' == 'Widgets'</arg>
<arg>Set Test Variable</arg>
<arg>@{list}</arg>
<arg>@{Widgets_list}</arg>
<doc>Runs the given keyword with the given arguments, if ``condition`` is true.</doc>
<status status="PASS" starttime="20250106 09:59:08.655" endtime="20250106 09:59:08.655"/>
</kw>
<kw name="Run Keyword If" library="BuiltIn">
<arg>'${name}' == 'Interactions'</arg>
<arg>Set Test Variable</arg>
<arg>@{list}</arg>
<arg>@{Interactions_list}</arg>
<doc>Runs the given keyword with the given arguments, if ``condition`` is true.</doc>
<status status="PASS" starttime="20250106 09:59:08.655" endtime="20250106 09:59:08.656"/>
</kw>
<kw name="Run Keyword If" library="BuiltIn">
<arg>'${name}' == 'Book Store Application'</arg>
<arg>Set Test Variable</arg>
<arg>@{list}</arg>
<arg>@{Book_Store_list}</arg>
<doc>Runs the given keyword with the given arguments, if ``condition`` is true.</doc>
<status status="PASS" starttime="20250106 09:59:08.656" endtime="20250106 09:59:08.656"/>
</kw>
<status status="PASS" starttime="20250106 09:59:08.650" endtime="20250106 09:59:08.656"/>
</kw>
<msg timestamp="20250106 09:59:08.656" level="INFO">${expected_list} = ['Text Box', 'Check Box', 'Radio Button', 'Web Tables', 'Buttons', 'Links', 'Broken Links - Images', 'Upload and Download', 'Dynamic Properties']</msg>
<status status="PASS" starttime="20250106 09:59:08.650" endtime="20250106 09:59:08.656"/>
</kw>
<kw name="Set Variable" library="BuiltIn">
<var>${exp_index}</var>
<arg>${expected_list}[${index}]</arg>
<doc>Returns the given values which can then be assigned to a variables.</doc>
<msg timestamp="20250106 09:59:08.657" level="INFO">${exp_index} = Radio Button</msg>
<status status="PASS" starttime="20250106 09:59:08.657" endtime="20250106 09:59:08.657"/>
</kw>
<status status="PASS" starttime="20250106 09:59:08.649" endtime="20250106 09:59:08.657"/>
</kw>
<msg timestamp="20250106 09:59:08.657" level="INFO">${menu_item} = Radio Button</msg>
<status status="PASS" starttime="20250106 09:59:08.649" endtime="20250106 09:59:08.657"/>
</kw>
<kw name="Scroll_Customs" library="utils">
<arg>//span[@class="text"][text()='${menu_item}']</arg>
<kw name="Scroll Element Into View" library="SeleniumLibrary">
<arg>xpath=${locator}</arg>
<doc>Scrolls the element identified by ``locator`` into view.</doc>
<status status="PASS" starttime="20250106 09:59:08.658" endtime="20250106 09:59:08.931"/>
</kw>
<kw name="Execute Javascript" library="SeleniumLibrary">
<arg>window.scrollBy(0, 200)</arg>
<doc>Executes the given JavaScript code with possible arguments.</doc>
<msg timestamp="20250106 09:59:08.931" level="INFO">Executing JavaScript:
window.scrollBy(0, 200)
Without any arguments.</msg>
<status status="PASS" starttime="20250106 09:59:08.931" endtime="20250106 09:59:08.939"/>
</kw>
<status status="PASS" starttime="20250106 09:59:08.658" endtime="20250106 09:59:08.939"/>
</kw>
<kw name="Click Element" library="SeleniumLibrary">
<arg>xpath=//span[@class="text"][text()='${menu_item}']</arg>
<doc>Click the element identified by ``locator``.</doc>
<msg timestamp="20250106 09:59:08.940" level="INFO">Clicking element 'xpath=//span[@class="text"][text()='Radio Button']'.</msg>
<status status="PASS" starttime="20250106 09:59:08.939" endtime="20250106 09:59:09.032"/>
</kw>
<status status="PASS" starttime="20250106 09:59:08.581" endtime="20250106 09:59:09.033"/>
</kw>
<kw name="Sleep" library="BuiltIn">
<arg>1</arg>
<doc>Pauses the test executed for the given time.</doc>
<msg timestamp="20250106 09:59:10.034" level="INFO">Slept 1 second</msg>
<status status="PASS" starttime="20250106 09:59:09.033" endtime="20250106 09:59:10.034"/>
</kw>
<kw name="Scroll_Customs" library="utils">
<arg>//input[@id="yesRadio"]</arg>
<kw name="Scroll Element Into View" library="SeleniumLibrary">
<arg>xpath=${locator}</arg>
<doc>Scrolls the element identified by ``locator`` into view.</doc>
<status status="PASS" starttime="20250106 09:59:10.035" endtime="20250106 09:59:10.316"/>
</kw>
<kw name="Execute Javascript" library="SeleniumLibrary">
<arg>window.scrollBy(0, 200)</arg>
<doc>Executes the given JavaScript code with possible arguments.</doc>
<msg timestamp="20250106 09:59:10.317" level="INFO">Executing JavaScript:
window.scrollBy(0, 200)
Without any arguments.</msg>
<status status="PASS" starttime="20250106 09:59:10.317" endtime="20250106 09:59:10.325"/>
</kw>
<status status="PASS" starttime="20250106 09:59:10.035" endtime="20250106 09:59:10.325"/>
</kw>
<kw name="Click Element" library="SeleniumLibrary">
<arg>xpath=//label[@for="yesRadio"]</arg>
<doc>Click the element identified by ``locator``.</doc>
<msg timestamp="20250106 09:59:10.327" level="INFO">Clicking element 'xpath=//label[@for="yesRadio"]'.</msg>
<status status="PASS" starttime="20250106 09:59:10.326" endtime="20250106 09:59:10.403"/>
</kw>
<doc>This test case verifies the functionality of radio buttons on the Elements page by selecting options and checking the results.</doc>
<status status="PASS" starttime="20250106 09:59:08.571" endtime="20250106 09:59:10.405"/>
</test>
<test id="s1-t4" name="Web_Table_Test" line="71">
<kw name="Run Keywords" library="BuiltIn" type="SETUP">
<arg>Set Selenium Implicit Wait</arg>
<arg>10</arg>
<arg>AND</arg>
<arg>Check And Open Browser</arg>
<doc>Executes all the given keywords in a sequence.</doc>
<kw name="Set Selenium Implicit Wait" library="SeleniumLibrary">
<arg>10</arg>
<doc>Sets the implicit wait value used by Selenium.</doc>
<status status="PASS" starttime="20250106 09:59:10.408" endtime="20250106 09:59:10.410"/>
</kw>
<kw name="Check And Open Browser" library="corekeyword">
<kw name="Run Keyword And Ignore Error" library="BuiltIn">
<var>${result}</var>
<arg>Get Window Handles</arg>
<doc>Runs the given keyword with the given arguments and ignores possible error.</doc>
<kw name="Get Window Handles" library="SeleniumLibrary">
<doc>Returns all child window handles of the selected browser as a list.</doc>
<status status="PASS" starttime="20250106 09:59:10.411" endtime="20250106 09:59:10.451"/>
</kw>
<msg timestamp="20250106 09:59:10.451" level="INFO">${result} = ('PASS', ['5F465D2D94F487226330F3D4CD90ED82'])</msg>
<status status="PASS" starttime="20250106 09:59:10.410" endtime="20250106 09:59:10.451"/>
</kw>
<kw name="Set Variable If" library="BuiltIn">
<var>${windows}</var>
<arg>'${result[0]}' == 'PASS'</arg>
<arg>${result[1]}</arg>
<arg>[]</arg>
<doc>Sets variable based on the given condition.</doc>
<msg timestamp="20250106 09:59:10.453" level="INFO">${windows} = ['5F465D2D94F487226330F3D4CD90ED82']</msg>
<status status="PASS" starttime="20250106 09:59:10.451" endtime="20250106 09:59:10.454"/>
</kw>
<kw name="Run Keyword If" library="BuiltIn">
<arg>${windows} == []</arg>
<arg>Open_Browser_App_And_Choose_Element</arg>
<arg>1</arg>
<doc>Runs the given keyword with the given arguments, if ``condition`` is true.</doc>
<status status="PASS" starttime="20250106 09:59:10.454" endtime="20250106 09:59:10.454"/>
</kw>
<status status="PASS" starttime="20250106 09:59:10.410" endtime="20250106 09:59:10.455"/>
</kw>
<status status="PASS" starttime="20250106 09:59:10.408" endtime="20250106 09:59:10.455"/>
</kw>
<kw name="Log To Console" library="BuiltIn">
<arg>This test case adds a new entry to the web table and verifies the row and column counts on the Elements page.</arg>
<doc>Logs the given message to the console.</doc>
<status status="PASS" starttime="20250106 09:59:10.455" endtime="20250106 09:59:10.456"/>
</kw>
<kw name="Choose_Page_Practice" library="corekeyword">
<arg>1</arg>
<arg>4</arg>
<kw name="Run Keyword" library="BuiltIn">
<var>${header_item}</var>
<arg>Get_Value_Index_List</arg>
<arg>${options_header}</arg>
<arg>header_list</arg>
<doc>Executes the given keyword with the given arguments.</doc>
<kw name="Get_Value_Index_List" library="utils">
<arg>${options_header}</arg>
<arg>header_list</arg>
<kw name="Evaluate" library="BuiltIn">
<var>${index}</var>
<arg>${Number_input} - 1</arg>
<doc>Evaluates the given expression in Python and returns the result.</doc>
<msg timestamp="20250106 09:59:10.458" level="INFO">${index} = 0</msg>
<status status="PASS" starttime="20250106 09:59:10.458" endtime="20250106 09:59:10.458"/>
</kw>
<kw name="Run Keyword" library="BuiltIn">
<var>${expected_list}</var>
<arg>Get_List_Based_On_Name</arg>
<arg>${list_name}</arg>
<doc>Executes the given keyword with the given arguments.</doc>
<kw name="Get_List_Based_On_Name" library="utils">
<arg>${list_name}</arg>
<kw name="Create List" library="BuiltIn">
<var>@{list}</var>
<doc>Returns a list containing given items.</doc>
<msg timestamp="20250106 09:59:10.459" level="INFO">@{list} = [ ]</msg>
<status status="PASS" starttime="20250106 09:59:10.459" endtime="20250106 09:59:10.459"/>
</kw>
<kw name="Run Keyword If" library="BuiltIn">
<arg>'${name}' == 'header_list'</arg>
<arg>Set Test Variable</arg>
<arg>@{list}</arg>
<arg>@{header_list}</arg>
<doc>Runs the given keyword with the given arguments, if ``condition`` is true.</doc>
<kw name="Set Test Variable" library="BuiltIn">
<arg>@{list}</arg>
<arg>@{header_list}</arg>
<doc>Makes a variable available everywhere within the scope of the current test.</doc>
<msg timestamp="20250106 09:59:10.460" level="INFO">@{list} = [ Elements | Forms | Alerts, Frame &amp; Windows | Widgets | Interactions | Book Store Application ]</msg>
<status status="PASS" starttime="20250106 09:59:10.460" endtime="20250106 09:59:10.460"/>
</kw>
<status status="PASS" starttime="20250106 09:59:10.459" endtime="20250106 09:59:10.460"/>
</kw>
<kw name="Run Keyword If" library="BuiltIn">
<arg>'${name}' == 'Elements'</arg>
<arg>Set Test Variable</arg>
<arg>@{list}</arg>
<arg>@{Elements_list}</arg>
<doc>Runs the given keyword with the given arguments, if ``condition`` is true.</doc>
<status status="PASS" starttime="20250106 09:59:10.461" endtime="20250106 09:59:10.461"/>
</kw>
<kw name="Run Keyword If" library="BuiltIn">
<arg>'${name}' == 'Forms'</arg>
<arg>Set Test Variable</arg>
<arg>@{list}</arg>
<arg>@{Forms_list}</arg>
<doc>Runs the given keyword with the given arguments, if ``condition`` is true.</doc>
<status status="PASS" starttime="20250106 09:59:10.461" endtime="20250106 09:59:10.461"/>
</kw>
<kw name="Run Keyword If" library="BuiltIn">
<arg>'${name}' == 'Alerts, Frame &amp; Windows'</arg>
<arg>Set Test Variable</arg>
<arg>@{list}</arg>
<arg>@{Alerts_Frame_List}</arg>
<doc>Runs the given keyword with the given arguments, if ``condition`` is true.</doc>
<status status="PASS" starttime="20250106 09:59:10.462" endtime="20250106 09:59:10.462"/>
</kw>
<kw name="Run Keyword If" library="BuiltIn">
<arg>'${name}' == 'Widgets'</arg>
<arg>Set Test Variable</arg>
<arg>@{list}</arg>
<arg>@{Widgets_list}</arg>
<doc>Runs the given keyword with the given arguments, if ``condition`` is true.</doc>
<status status="PASS" starttime="20250106 09:59:10.462" endtime="20250106 09:59:10.462"/>
</kw>
<kw name="Run Keyword If" library="BuiltIn">
<arg>'${name}' == 'Interactions'</arg>
<arg>Set Test Variable</arg>
<arg>@{list}</arg>
<arg>@{Interactions_list}</arg>
<doc>Runs the given keyword with the given arguments, if ``condition`` is true.</doc>
<status status="PASS" starttime="20250106 09:59:10.462" endtime="20250106 09:59:10.463"/>
</kw>
<kw name="Run Keyword If" library="BuiltIn">
<arg>'${name}' == 'Book Store Application'</arg>
<arg>Set Test Variable</arg>
<arg>@{list}</arg>
<arg>@{Book_Store_list}</arg>
<doc>Runs the given keyword with the given arguments, if ``condition`` is true.</doc>
<status status="PASS" starttime="20250106 09:59:10.463" endtime="20250106 09:59:10.463"/>
</kw>
<status status="PASS" starttime="20250106 09:59:10.459" endtime="20250106 09:59:10.464"/>
</kw>
<msg timestamp="20250106 09:59:10.464" level="INFO">${expected_list} = ['Elements', 'Forms', 'Alerts, Frame &amp; Windows', 'Widgets', 'Interactions', 'Book Store Application']</msg>
<status status="PASS" starttime="20250106 09:59:10.458" endtime="20250106 09:59:10.464"/>
</kw>
<kw name="Set Variable" library="BuiltIn">
<var>${exp_index}</var>
<arg>${expected_list}[${index}]</arg>
<doc>Returns the given values which can then be assigned to a variables.</doc>
<msg timestamp="20250106 09:59:10.464" level="INFO">${exp_index} = Elements</msg>
<status status="PASS" starttime="20250106 09:59:10.464" endtime="20250106 09:59:10.464"/>
</kw>
<status status="PASS" starttime="20250106 09:59:10.457" endtime="20250106 09:59:10.465"/>
</kw>
<msg timestamp="20250106 09:59:10.465" level="INFO">${header_item} = Elements</msg>
<status status="PASS" starttime="20250106 09:59:10.457" endtime="20250106 09:59:10.465"/>
</kw>
<kw name="Get Element Attribute" library="SeleniumLibrary">
<var>${class}</var>
<arg>xpath=//div[@class='element-group'][${options_header}]/div[contains(@class, 'element-list')]</arg>
<arg>class</arg>
<doc>Returns the value of ``attribute`` from the element ``locator``.</doc>
<msg timestamp="20250106 09:59:10.508" level="INFO">${class} = element-list collapse show</msg>
<status status="PASS" starttime="20250106 09:59:10.465" endtime="20250106 09:59:10.509"/>
</kw>
<kw name="Run Keyword If" library="BuiltIn">
<arg>'show' not in '${class}'</arg>
<arg>Scroll_Customs</arg>
<arg>//div[@class="header-text"][text()='${header_item}']</arg>
<doc>Runs the given keyword with the given arguments, if ``condition`` is true.</doc>
<status status="PASS" starttime="20250106 09:59:10.509" endtime="20250106 09:59:10.509"/>
</kw>
<kw name="Run Keyword If" library="BuiltIn">
<arg>'show' not in '${class}'</arg>
<arg>Click Element</arg>
<arg>xpath=//div[@class="header-text"][text()='${header_item}']</arg>
<doc>Runs the given keyword with the given arguments, if ``condition`` is true.</doc>
<status status="PASS" starttime="20250106 09:59:10.509" endtime="20250106 09:59:10.510"/>
</kw>
<kw name="Run Keyword" library="BuiltIn">
<var>${menu_item}</var>
<arg>Get_Value_Index_List</arg>
<arg>${options_menu}</arg>
<arg>${header_item}</arg>
<doc>Executes the given keyword with the given arguments.</doc>
<kw name="Get_Value_Index_List" library="utils">
<arg>${options_menu}</arg>
<arg>${header_item}</arg>
<kw name="Evaluate" library="BuiltIn">
<var>${index}</var>
<arg>${Number_input} - 1</arg>
<doc>Evaluates the given expression in Python and returns the result.</doc>
<msg timestamp="20250106 09:59:10.511" level="INFO">${index} = 3</msg>
<status status="PASS" starttime="20250106 09:59:10.510" endtime="20250106 09:59:10.511"/>
</kw>
<kw name="Run Keyword" library="BuiltIn">
<var>${expected_list}</var>
<arg>Get_List_Based_On_Name</arg>
<arg>${list_name}</arg>
<doc>Executes the given keyword with the given arguments.</doc>
<kw name="Get_List_Based_On_Name" library="utils">
<arg>${list_name}</arg>
<kw name="Create List" library="BuiltIn">
<var>@{list}</var>
<doc>Returns a list containing given items.</doc>
<msg timestamp="20250106 09:59:10.512" level="INFO">@{list} = [ ]</msg>
<status status="PASS" starttime="20250106 09:59:10.511" endtime="20250106 09:59:10.512"/>
</kw>
<kw name="Run Keyword If" library="BuiltIn">
<arg>'${name}' == 'header_list'</arg>
<arg>Set Test Variable</arg>
<arg>@{list}</arg>
<arg>@{header_list}</arg>
<doc>Runs the given keyword with the given arguments, if ``condition`` is true.</doc>
<status status="PASS" starttime="20250106 09:59:10.512" endtime="20250106 09:59:10.512"/>
</kw>
<kw name="Run Keyword If" library="BuiltIn">
<arg>'${name}' == 'Elements'</arg>
<arg>Set Test Variable</arg>
<arg>@{list}</arg>
<arg>@{Elements_list}</arg>
<doc>Runs the given keyword with the given arguments, if ``condition`` is true.</doc>
<kw name="Set Test Variable" library="BuiltIn">
<arg>@{list}</arg>
<arg>@{Elements_list}</arg>
<doc>Makes a variable available everywhere within the scope of the current test.</doc>
<msg timestamp="20250106 09:59:10.513" level="INFO">@{list} = [ Text Box | Check Box | Radio Button | Web Tables | Buttons | Links | Broken Links - Images | Upload and Download | Dynamic Properties ]</msg>
<status status="PASS" starttime="20250106 09:59:10.513" endtime="20250106 09:59:10.513"/>
</kw>
<status status="PASS" starttime="20250106 09:59:10.512" endtime="20250106 09:59:10.513"/>
</kw>
<kw name="Run Keyword If" library="BuiltIn">
<arg>'${name}' == 'Forms'</arg>
<arg>Set Test Variable</arg>
<arg>@{list}</arg>
<arg>@{Forms_list}</arg>
<doc>Runs the given keyword with the given arguments, if ``condition`` is true.</doc>
<status status="PASS" starttime="20250106 09:59:10.513" endtime="20250106 09:59:10.514"/>
</kw>
<kw name="Run Keyword If" library="BuiltIn">
<arg>'${name}' == 'Alerts, Frame &amp; Windows'</arg>
<arg>Set Test Variable</arg>
<arg>@{list}</arg>
<arg>@{Alerts_Frame_List}</arg>
<doc>Runs the given keyword with the given arguments, if ``condition`` is true.</doc>
<status status="PASS" starttime="20250106 09:59:10.514" endtime="20250106 09:59:10.514"/>
</kw>
<kw name="Run Keyword If" library="BuiltIn">
<arg>'${name}' == 'Widgets'</arg>
<arg>Set Test Variable</arg>
<arg>@{list}</arg>
<arg>@{Widgets_list}</arg>
<doc>Runs the given keyword with the given arguments, if ``condition`` is true.</doc>
<status status="PASS" starttime="20250106 09:59:10.514" endtime="20250106 09:59:10.515"/>
</kw>
<kw name="Run Keyword If" library="BuiltIn">
<arg>'${name}' == 'Interactions'</arg>
<arg>Set Test Variable</arg>
<arg>@{list}</arg>
<arg>@{Interactions_list}</arg>
<doc>Runs the given keyword with the given arguments, if ``condition`` is true.</doc>
<status status="PASS" starttime="20250106 09:59:10.515" endtime="20250106 09:59:10.515"/>
</kw>
<kw name="Run Keyword If" library="BuiltIn">
<arg>'${name}' == 'Book Store Application'</arg>
<arg>Set Test Variable</arg>
<arg>@{list}</arg>
<arg>@{Book_Store_list}</arg>
<doc>Runs the given keyword with the given arguments, if ``condition`` is true.</doc>
<status status="PASS" starttime="20250106 09:59:10.515" endtime="20250106 09:59:10.515"/>
</kw>
<status status="PASS" starttime="20250106 09:59:10.511" endtime="20250106 09:59:10.516"/>
</kw>
<msg timestamp="20250106 09:59:10.516" level="INFO">${expected_list} = ['Text Box', 'Check Box', 'Radio Button', 'Web Tables', 'Buttons', 'Links', 'Broken Links - Images', 'Upload and Download', 'Dynamic Properties']</msg>
<status status="PASS" starttime="20250106 09:59:10.511" endtime="20250106 09:59:10.516"/>
</kw>
<kw name="Set Variable" library="BuiltIn">
<var>${exp_index}</var>
<arg>${expected_list}[${index}]</arg>
<doc>Returns the given values which can then be assigned to a variables.</doc>
<msg timestamp="20250106 09:59:10.516" level="INFO">${exp_index} = Web Tables</msg>
<status status="PASS" starttime="20250106 09:59:10.516" endtime="20250106 09:59:10.516"/>
</kw>
<status status="PASS" starttime="20250106 09:59:10.510" endtime="20250106 09:59:10.517"/>
</kw>
<msg timestamp="20250106 09:59:10.517" level="INFO">${menu_item} = Web Tables</msg>
<status status="PASS" starttime="20250106 09:59:10.510" endtime="20250106 09:59:10.517"/>
</kw>
<kw name="Scroll_Customs" library="utils">
<arg>//span[@class="text"][text()='${menu_item}']</arg>
<kw name="Scroll Element Into View" library="SeleniumLibrary">
<arg>xpath=${locator}</arg>
<doc>Scrolls the element identified by ``locator`` into view.</doc>
<status status="PASS" starttime="20250106 09:59:10.517" endtime="20250106 09:59:10.842"/>
</kw>
<kw name="Execute Javascript" library="SeleniumLibrary">
<arg>window.scrollBy(0, 200)</arg>
<doc>Executes the given JavaScript code with possible arguments.</doc>
<msg timestamp="20250106 09:59:10.842" level="INFO">Executing JavaScript:
window.scrollBy(0, 200)
Without any arguments.</msg>
<status status="PASS" starttime="20250106 09:59:10.842" endtime="20250106 09:59:10.849"/>
</kw>
<status status="PASS" starttime="20250106 09:59:10.517" endtime="20250106 09:59:10.850"/>
</kw>
<kw name="Click Element" library="SeleniumLibrary">
<arg>xpath=//span[@class="text"][text()='${menu_item}']</arg>
<doc>Click the element identified by ``locator``.</doc>
<msg timestamp="20250106 09:59:10.850" level="INFO">Clicking element 'xpath=//span[@class="text"][text()='Web Tables']'.</msg>
<status status="PASS" starttime="20250106 09:59:10.850" endtime="20250106 09:59:10.955"/>
</kw>
<status status="PASS" starttime="20250106 09:59:10.457" endtime="20250106 09:59:10.955"/>
</kw>
<kw name="Sleep" library="BuiltIn">
<arg>3</arg>
<doc>Pauses the test executed for the given time.</doc>
<msg timestamp="20250106 09:59:13.956" level="INFO">Slept 3 seconds</msg>
<status status="PASS" starttime="20250106 09:59:10.956" endtime="20250106 09:59:13.956"/>
</kw>
<kw name="Click Element" library="SeleniumLibrary">
<arg>id=addNewRecordButton</arg>
<doc>Click the element identified by ``locator``.</doc>
<msg timestamp="20250106 09:59:13.957" level="INFO">Clicking element 'id=addNewRecordButton'.</msg>
<status status="PASS" starttime="20250106 09:59:13.957" endtime="20250106 09:59:14.059"/>
</kw>
[...]
<kw name="Set Test Variable" library="BuiltIn">
<arg>@{list}</arg>
<arg>@{header_list}</arg>
<doc>Makes a variable available everywhere within the scope of the current test.</doc>
<msg timestamp="20250106 10:01:27.711" level="INFO">@{list} = [ Elements | Forms | Alerts, Frame &amp; Windows | Widgets | Interactions | Book Store Application ]</msg>
<status status="PASS" starttime="20250106 10:01:27.711" endtime="20250106 10:01:27.711"/>
</kw>
<status status="PASS" starttime="20250106 10:01:27.710" endtime="20250106 10:01:27.711"/>
</kw>
<kw name="Run Keyword If" library="BuiltIn">
<arg>'${name}' == 'Elements'</arg>
<arg>Set Test Variable</arg>
<arg>@{list}</arg>
<arg>@{Elements_list}</arg>
<doc>Runs the given keyword with the given arguments, if ``condition`` is true.</doc>
<status status="PASS" starttime="20250106 10:01:27.711" endtime="20250106 10:01:27.712"/>
</kw>
<kw name="Run Keyword If" library="BuiltIn">
<arg>'${name}' == 'Forms'</arg>
<arg>Set Test Variable</arg>
<arg>@{list}</arg>
<arg>@{Forms_list}</arg>
<doc>Runs the given keyword with the given arguments, if ``condition`` is true.</doc>
<status status="PASS" starttime="20250106 10:01:27.712" endtime="20250106 10:01:27.712"/>
</kw>
<kw name="Run Keyword If" library="BuiltIn">
<arg>'${name}' == 'Alerts, Frame &amp; Windows'</arg>
<arg>Set Test Variable</arg>
<arg>@{list}</arg>
<arg>@{Alerts_Frame_List}</arg>
<doc>Runs the given keyword with the given arguments, if ``condition`` is true.</doc>
<status status="PASS" starttime="20250106 10:01:27.712" endtime="20250106 10:01:27.713"/>
</kw>
<kw name="Run Keyword If" library="BuiltIn">
<arg>'${name}' == 'Widgets'</arg>
<arg>Set Test Variable</arg>
<arg>@{list}</arg>
<arg>@{Widgets_list}</arg>
<doc>Runs the given keyword with the given arguments, if ``condition`` is true.</doc>
<status status="PASS" starttime="20250106 10:01:27.713" endtime="20250106 10:01:27.713"/>
</kw>
<kw name="Run Keyword If" library="BuiltIn">
<arg>'${name}' == 'Interactions'</arg>
<arg>Set Test Variable</arg>
<arg>@{list}</arg>
<arg>@{Interactions_list}</arg>
<doc>Runs the given keyword with the given arguments, if ``condition`` is true.</doc>
<status status="PASS" starttime="20250106 10:01:27.714" endtime="20250106 10:01:27.714"/>
</kw>
<kw name="Run Keyword If" library="BuiltIn">
<arg>'${name}' == 'Book Store Application'</arg>
<arg>Set Test Variable</arg>
<arg>@{list}</arg>
<arg>@{Book_Store_list}</arg>
<doc>Runs the given keyword with the given arguments, if ``condition`` is true.</doc>
<status status="PASS" starttime="20250106 10:01:27.714" endtime="20250106 10:01:27.715"/>
</kw>
<status status="PASS" starttime="20250106 10:01:27.709" endtime="20250106 10:01:27.715"/>
</kw>
<msg timestamp="20250106 10:01:27.715" level="INFO">${expected_list} = ['Elements', 'Forms', 'Alerts, Frame &amp; Windows', 'Widgets', 'Interactions', 'Book Store Application']</msg>
<status status="PASS" starttime="20250106 10:01:27.708" endtime="20250106 10:01:27.715"/>
</kw>
<kw name="Set Variable" library="BuiltIn">
<var>${exp_index}</var>
<arg>${expected_list}[${index}]</arg>
<doc>Returns the given values which can then be assigned to a variables.</doc>
<msg timestamp="20250106 10:01:27.716" level="INFO">${exp_index} = Interactions</msg>
<status status="PASS" starttime="20250106 10:01:27.716" endtime="20250106 10:01:27.716"/>
</kw>
<status status="PASS" starttime="20250106 10:01:27.706" endtime="20250106 10:01:27.716"/>
</kw>
<msg timestamp="20250106 10:01:27.716" level="INFO">${header_item} = Interactions</msg>
<status status="PASS" starttime="20250106 10:01:27.706" endtime="20250106 10:01:27.716"/>
</kw>
<kw name="Get Element Attribute" library="SeleniumLibrary">
<var>${class}</var>
<arg>xpath=//div[@class='element-group'][${options_header}]/div[contains(@class, 'element-list')]</arg>
<arg>class</arg>
<doc>Returns the value of ``attribute`` from the element ``locator``.</doc>
<msg timestamp="20250106 10:01:27.734" level="INFO">${class} = element-list collapse show</msg>
<status status="PASS" starttime="20250106 10:01:27.717" endtime="20250106 10:01:27.734"/>
</kw>
<kw name="Run Keyword If" library="BuiltIn">
<arg>'show' not in '${class}'</arg>
<arg>Scroll_Customs</arg>
<arg>//div[@class="header-text"][text()='${header_item}']</arg>
<doc>Runs the given keyword with the given arguments, if ``condition`` is true.</doc>
<status status="PASS" starttime="20250106 10:01:27.735" endtime="20250106 10:01:27.736"/>
</kw>
<kw name="Run Keyword If" library="BuiltIn">
<arg>'show' not in '${class}'</arg>
<arg>Click Element</arg>
<arg>xpath=//div[@class="header-text"][text()='${header_item}']</arg>
<doc>Runs the given keyword with the given arguments, if ``condition`` is true.</doc>
<status status="PASS" starttime="20250106 10:01:27.736" endtime="20250106 10:01:27.737"/>
</kw>
<kw name="Run Keyword" library="BuiltIn">
<var>${menu_item}</var>
<arg>Get_Value_Index_List</arg>
<arg>${options_menu}</arg>
<arg>${header_item}</arg>
<doc>Executes the given keyword with the given arguments.</doc>
<kw name="Get_Value_Index_List" library="utils">
<arg>${options_menu}</arg>
<arg>${header_item}</arg>
<kw name="Evaluate" library="BuiltIn">
<var>${index}</var>
<arg>${Number_input} - 1</arg>
<doc>Evaluates the given expression in Python and returns the result.</doc>
<msg timestamp="20250106 10:01:27.739" level="INFO">${index} = 4</msg>
<status status="PASS" starttime="20250106 10:01:27.738" endtime="20250106 10:01:27.739"/>
</kw>
<kw name="Run Keyword" library="BuiltIn">
<var>${expected_list}</var>
<arg>Get_List_Based_On_Name</arg>
<arg>${list_name}</arg>
<doc>Executes the given keyword with the given arguments.</doc>
<kw name="Get_List_Based_On_Name" library="utils">
<arg>${list_name}</arg>
<kw name="Create List" library="BuiltIn">
<var>@{list}</var>
<doc>Returns a list containing given items.</doc>
<msg timestamp="20250106 10:01:27.741" level="INFO">@{list} = [ ]</msg>
<status status="PASS" starttime="20250106 10:01:27.741" endtime="20250106 10:01:27.741"/>
</kw>
<kw name="Run Keyword If" library="BuiltIn">
<arg>'${name}' == 'header_list'</arg>
<arg>Set Test Variable</arg>
<arg>@{list}</arg>
<arg>@{header_list}</arg>
<doc>Runs the given keyword with the given arguments, if ``condition`` is true.</doc>
<status status="PASS" starttime="20250106 10:01:27.741" endtime="20250106 10:01:27.742"/>
</kw>
<kw name="Run Keyword If" library="BuiltIn">
<arg>'${name}' == 'Elements'</arg>
<arg>Set Test Variable</arg>
<arg>@{list}</arg>
<arg>@{Elements_list}</arg>
<doc>Runs the given keyword with the given arguments, if ``condition`` is true.</doc>
<status status="PASS" starttime="20250106 10:01:27.742" endtime="20250106 10:01:27.743"/>
</kw>
<kw name="Run Keyword If" library="BuiltIn">
<arg>'${name}' == 'Forms'</arg>
<arg>Set Test Variable</arg>
<arg>@{list}</arg>
<arg>@{Forms_list}</arg>
<doc>Runs the given keyword with the given arguments, if ``condition`` is true.</doc>
<status status="PASS" starttime="20250106 10:01:27.743" endtime="20250106 10:01:27.743"/>
</kw>
<kw name="Run Keyword If" library="BuiltIn">
<arg>'${name}' == 'Alerts, Frame &amp; Windows'</arg>
<arg>Set Test Variable</arg>
<arg>@{list}</arg>
<arg>@{Alerts_Frame_List}</arg>
<doc>Runs the given keyword with the given arguments, if ``condition`` is true.</doc>
<status status="PASS" starttime="20250106 10:01:27.744" endtime="20250106 10:01:27.744"/>
</kw>
<kw name="Run Keyword If" library="BuiltIn">
<arg>'${name}' == 'Widgets'</arg>
<arg>Set Test Variable</arg>
<arg>@{list}</arg>
<arg>@{Widgets_list}</arg>
<doc>Runs the given keyword with the given arguments, if ``condition`` is true.</doc>
<status status="PASS" starttime="20250106 10:01:27.744" endtime="20250106 10:01:27.744"/>
</kw>
<kw name="Run Keyword If" library="BuiltIn">
<arg>'${name}' == 'Interactions'</arg>
<arg>Set Test Variable</arg>
<arg>@{list}</arg>
<arg>@{Interactions_list}</arg>
<doc>Runs the given keyword with the given arguments, if ``condition`` is true.</doc>
<kw name="Set Test Variable" library="BuiltIn">
<arg>@{list}</arg>
<arg>@{Interactions_list}</arg>
<doc>Makes a variable available everywhere within the scope of the current test.</doc>
<msg timestamp="20250106 10:01:27.745" level="INFO">@{list} = [ Sortable | Selectable | Resizable | Droppable | Dragabble ]</msg>
<status status="PASS" starttime="20250106 10:01:27.745" endtime="20250106 10:01:27.745"/>
</kw>
<status status="PASS" starttime="20250106 10:01:27.745" endtime="20250106 10:01:27.746"/>
</kw>
<kw name="Run Keyword If" library="BuiltIn">
<arg>'${name}' == 'Book Store Application'</arg>
<arg>Set Test Variable</arg>
<arg>@{list}</arg>
<arg>@{Book_Store_list}</arg>
<doc>Runs the given keyword with the given arguments, if ``condition`` is true.</doc>
<status status="PASS" starttime="20250106 10:01:27.746" endtime="20250106 10:01:27.746"/>
</kw>
<status status="PASS" starttime="20250106 10:01:27.740" endtime="20250106 10:01:27.747"/>
</kw>
<msg timestamp="20250106 10:01:27.747" level="INFO">${expected_list} = ['Sortable', 'Selectable', 'Resizable', 'Droppable', 'Dragabble']</msg>
<status status="PASS" starttime="20250106 10:01:27.739" endtime="20250106 10:01:27.747"/>
</kw>
<kw name="Set Variable" library="BuiltIn">
<var>${exp_index}</var>
<arg>${expected_list}[${index}]</arg>
<doc>Returns the given values which can then be assigned to a variables.</doc>
<msg timestamp="20250106 10:01:27.748" level="INFO">${exp_index} = Dragabble</msg>
<status status="PASS" starttime="20250106 10:01:27.748" endtime="20250106 10:01:27.748"/>
</kw>
<status status="PASS" starttime="20250106 10:01:27.738" endtime="20250106 10:01:27.749"/>
</kw>
<msg timestamp="20250106 10:01:27.749" level="INFO">${menu_item} = Dragabble</msg>
<status status="PASS" starttime="20250106 10:01:27.737" endtime="20250106 10:01:27.749"/>
</kw>
<kw name="Scroll_Customs" library="utils">
<arg>//span[@class="text"][text()='${menu_item}']</arg>
<kw name="Scroll Element Into View" library="SeleniumLibrary">
<arg>xpath=${locator}</arg>
<doc>Scrolls the element identified by ``locator`` into view.</doc>
<status status="PASS" starttime="20250106 10:01:27.750" endtime="20250106 10:01:28.068"/>
</kw>
<kw name="Execute Javascript" library="SeleniumLibrary">
<arg>window.scrollBy(0, 200)</arg>
<doc>Executes the given JavaScript code with possible arguments.</doc>
<msg timestamp="20250106 10:01:28.068" level="INFO">Executing JavaScript:
window.scrollBy(0, 200)
Without any arguments.</msg>
<status status="PASS" starttime="20250106 10:01:28.068" endtime="20250106 10:01:28.076"/>
</kw>
<status status="PASS" starttime="20250106 10:01:27.749" endtime="20250106 10:01:28.076"/>
</kw>
<kw name="Click Element" library="SeleniumLibrary">
<arg>xpath=//span[@class="text"][text()='${menu_item}']</arg>
<doc>Click the element identified by ``locator``.</doc>
<msg timestamp="20250106 10:01:28.077" level="INFO">Clicking element 'xpath=//span[@class="text"][text()='Dragabble']'.</msg>
<status status="PASS" starttime="20250106 10:01:28.077" endtime="20250106 10:01:28.152"/>
</kw>
<status status="PASS" starttime="20250106 10:01:27.705" endtime="20250106 10:01:28.152"/>
</kw>
<kw name="Sleep" library="BuiltIn">
<arg>3</arg>
<doc>Pauses the test executed for the given time.</doc>
<msg timestamp="20250106 10:01:31.153" level="INFO">Slept 3 seconds</msg>
<status status="PASS" starttime="20250106 10:01:28.153" endtime="20250106 10:01:31.153"/>
</kw>
<kw name="Log" library="BuiltIn">
<arg>Testing Simple Drag</arg>
<doc>Logs the given message with the given level.</doc>
<msg timestamp="20250106 10:01:31.154" level="INFO">Testing Simple Drag</msg>
<status status="PASS" starttime="20250106 10:01:31.154" endtime="20250106 10:01:31.155"/>
</kw>
<kw name="Drag And Drop By Offset" library="SeleniumLibrary">
<arg>xpath=//div[@id='dragBox']</arg>
<arg>100</arg>
<arg>50</arg>
<doc>Drags the element identified with ``locator`` by ``xoffset/yoffset``.</doc>
<status status="PASS" starttime="20250106 10:01:31.155" endtime="20250106 10:01:31.702"/>
</kw>
<kw name="Get Element Attribute" library="SeleniumLibrary">
<var>${position}</var>
<arg>xpath=//div[@id="dragBox"]</arg>
<arg>style</arg>
<doc>Returns the value of ``attribute`` from the element ``locator``.</doc>
<msg timestamp="20250106 10:01:31.724" level="INFO">${position} = position: relative; left: 100px; top: 50px;</msg>
<status status="PASS" starttime="20250106 10:01:31.702" endtime="20250106 10:01:31.724"/>
</kw>
<kw name="Log To Console" library="BuiltIn">
<arg>${position}</arg>
<doc>Logs the given message to the console.</doc>
<status status="PASS" starttime="20250106 10:01:31.725" endtime="20250106 10:01:31.725"/>
</kw>
<kw name="Log" library="BuiltIn">
<arg>Testing Axis Restricted Drag (X-axis)</arg>
<doc>Logs the given message with the given level.</doc>
<msg timestamp="20250106 10:01:31.726" level="INFO">Testing Axis Restricted Drag (X-axis)</msg>
<status status="PASS" starttime="20250106 10:01:31.726" endtime="20250106 10:01:31.727"/>
</kw>
<kw name="Click Element" library="SeleniumLibrary">
<arg>xpath=//a[@id='draggableExample-tab-axisRestriction']</arg>
<doc>Click the element identified by ``locator``.</doc>
<msg timestamp="20250106 10:01:31.728" level="INFO">Clicking element 'xpath=//a[@id='draggableExample-tab-axisRestriction']'.</msg>
<status status="PASS" starttime="20250106 10:01:31.727" endtime="20250106 10:01:31.820"/>
</kw>
<kw name="Drag And Drop By Offset" library="SeleniumLibrary">
<arg>xpath=//div[@id='restrictedX']</arg>
<arg>100</arg>
<arg>0</arg>
<doc>Drags the element identified with ``locator`` by ``xoffset/yoffset``.</doc>
<status status="PASS" starttime="20250106 10:01:31.821" endtime="20250106 10:01:32.408"/>
</kw>
<kw name="Get Element Attribute" library="SeleniumLibrary">
<var>${position}</var>
<arg>xpath=//div[@id="restrictedX"]</arg>
<arg>style</arg>
<doc>Returns the value of ``attribute`` from the element ``locator``.</doc>
<msg timestamp="20250106 10:01:32.429" level="INFO">${position} = position: relative; left: 100px; top: 0px;</msg>
<status status="PASS" starttime="20250106 10:01:32.409" endtime="20250106 10:01:32.429"/>
</kw>
<kw name="Log To Console" library="BuiltIn">
<arg>${position}</arg>
<doc>Logs the given message to the console.</doc>
<status status="PASS" starttime="20250106 10:01:32.430" endtime="20250106 10:01:32.431"/>
</kw>
<kw name="Log" library="BuiltIn">
<arg>Testing Axis Restricted Drag (Y-axis)</arg>
<doc>Logs the given message with the given level.</doc>
<msg timestamp="20250106 10:01:32.432" level="INFO">Testing Axis Restricted Drag (Y-axis)</msg>
<status status="PASS" starttime="20250106 10:01:32.431" endtime="20250106 10:01:32.432"/>
</kw>
<kw name="Drag And Drop By Offset" library="SeleniumLibrary">
<arg>xpath=//div[@id='restrictedY']</arg>
<arg>0</arg>
<arg>100</arg>
<doc>Drags the element identified with ``locator`` by ``xoffset/yoffset``.</doc>
<status status="PASS" starttime="20250106 10:01:32.433" endtime="20250106 10:01:33.015"/>
</kw>
<kw name="Get Element Attribute" library="SeleniumLibrary">
<var>${position}</var>
<arg>xpath=//div[@id="restrictedY"]</arg>
<arg>style</arg>
<doc>Returns the value of ``attribute`` from the element ``locator``.</doc>
<msg timestamp="20250106 10:01:33.034" level="INFO">${position} = position: relative; left: 0px; top: 100px;</msg>
<status status="PASS" starttime="20250106 10:01:33.015" endtime="20250106 10:01:33.034"/>
</kw>
<kw name="Log To Console" library="BuiltIn">
<arg>${position}</arg>
<doc>Logs the given message to the console.</doc>
<status status="PASS" starttime="20250106 10:01:33.035" endtime="20250106 10:01:33.035"/>
</kw>
<kw name="Log" library="BuiltIn">
<arg>Testing Container Restricted Drag</arg>
<doc>Logs the given message with the given level.</doc>
<msg timestamp="20250106 10:01:33.036" level="INFO">Testing Container Restricted Drag</msg>
<status status="PASS" starttime="20250106 10:01:33.036" endtime="20250106 10:01:33.037"/>
</kw>
<kw name="Click Element" library="SeleniumLibrary">
<arg>xpath=//a[@id='draggableExample-tab-containerRestriction']</arg>
<doc>Click the element identified by ``locator``.</doc>
<msg timestamp="20250106 10:01:33.038" level="INFO">Clicking element 'xpath=//a[@id='draggableExample-tab-containerRestriction']'.</msg>
<status status="PASS" starttime="20250106 10:01:33.037" endtime="20250106 10:01:33.113"/>
</kw>
<kw name="Drag And Drop By Offset" library="SeleniumLibrary">
<arg>xpath=//div[@id='containmentWrapper'] //div[@class='draggable ui-widget-content ui-draggable ui-draggable-handle']</arg>
<arg>50</arg>
<arg>50</arg>
<doc>Drags the element identified with ``locator`` by ``xoffset/yoffset``.</doc>
<status status="PASS" starttime="20250106 10:01:33.114" endtime="20250106 10:01:33.684"/>
</kw>
<kw name="Get Element Attribute" library="SeleniumLibrary">
<var>${position}</var>
<arg>xpath=//div[@id='containmentWrapper'] //div[@class='draggable ui-widget-content ui-draggable ui-draggable-handle']</arg>
<arg>style</arg>
<doc>Returns the value of ``attribute`` from the element ``locator``.</doc>
<msg timestamp="20250106 10:01:33.700" level="INFO">${position} = position: relative; left: 50px; top: 50px;</msg>
<status status="PASS" starttime="20250106 10:01:33.685" endtime="20250106 10:01:33.700"/>
</kw>
<kw name="Log To Console" library="BuiltIn">
<arg>${position}</arg>
<doc>Logs the given message to the console.</doc>
<status status="PASS" starttime="20250106 10:01:33.701" endtime="20250106 10:01:33.701"/>
</kw>
<doc>Verify the draggable functionality in different modes by testing simple drag, axis-restricted drag, and container-restricted drag, and validating the new positions of the elements.</doc>
<status status="PASS" starttime="20250106 10:01:27.693" endtime="20250106 10:01:33.702"/>
</test>
<status status="PASS" starttime="20250106 09:57:23.046" endtime="20250106 10:01:33.704"/>
</suite>
<statistics>
<total>
<stat pass="29" fail="0" skip="0">All Tests</stat>
</total>
<tag>
</tag>
<suite>
<stat pass="29" fail="0" skip="0" id="s1" name="DemoQATesting">DemoQATesting</stat>
</suite>
</statistics>
<errors>
<msg timestamp="20250106 09:59:22.480" level="WARN">Keyword 'RequestsLibrary.Get Request' is deprecated. Please use `GET On Session` instead.</msg>
<msg timestamp="20250106 09:59:23.822" level="WARN">Keyword 'RequestsLibrary.Get Request' is deprecated. Please use `GET On Session` instead.</msg>
<msg timestamp="20250106 09:59:23.939" level="WARN">Keyword 'RequestsLibrary.Get Request' is deprecated. Please use `GET On Session` instead.</msg>
<msg timestamp="20250106 09:59:27.389" level="WARN">Keyword 'RequestsLibrary.Get Request' is deprecated. Please use `GET On Session` instead.</msg>
<msg timestamp="20250106 09:59:28.074" level="WARN">Keyword 'RequestsLibrary.Get Request' is deprecated. Please use `GET On Session` instead.</msg>
<msg timestamp="20250106 09:59:28.179" level="WARN">Keyword 'RequestsLibrary.Get Request' is deprecated. Please use `GET On Session` instead.</msg>
<msg timestamp="20250106 09:59:29.044" level="WARN">Keyword 'RequestsLibrary.Get Request' is deprecated. Please use `GET On Session` instead.</msg>
<msg timestamp="20250106 09:59:29.177" level="WARN">Keyword 'RequestsLibrary.Get Request' is deprecated. Please use `GET On Session` instead.</msg>
<msg timestamp="20250106 09:59:30.147" level="WARN">Keyword 'RequestsLibrary.Get Request' is deprecated. Please use `GET On Session` instead.</msg>
<msg timestamp="20250106 09:59:30.359" level="WARN">Keyword 'RequestsLibrary.Get Request' is deprecated. Please use `GET On Session` instead.</msg>
</errors>
</robot>
